Analysis & Synthesis report for Question1
Fri May 20 18:30:03 2022
Quartus II 64-Bit Version 13.0.1 Build 232 06/12/2013 Service Pack 1 SJ Web Edition


---------------------
; Table of Contents ;
---------------------
  1. Legal Notice
  2. Analysis & Synthesis Summary
  3. Analysis & Synthesis Settings
  4. Parallel Compilation
  5. Analysis & Synthesis Source Files Read
  6. Analysis & Synthesis Resource Usage Summary
  7. Analysis & Synthesis Resource Utilization by Entity
  8. Analysis & Synthesis RAM Summary
  9. Analysis & Synthesis IP Cores Summary
 10. State Machine - |Vector_multiplier_sum_code|Multiplier:b2v_inst4|CtrlLogic:U_Ctl|state
 11. State Machine - |Vector_multiplier_sum_code|MainControlUnit:b2v_inst|state
 12. Registers Removed During Synthesis
 13. General Register Statistics
 14. Multiplexer Restructuring Statistics (Restructuring Performed)
 15. Source assignments for RAM256x4:b2v_inst8|altsyncram:altsyncram_component|altsyncram_jtc1:auto_generated
 16. Parameter Settings for User Entity Instance: MainControlUnit:b2v_inst
 17. Parameter Settings for User Entity Instance: Reg:b2v_inst2
 18. Parameter Settings for User Entity Instance: Multiplier:b2v_inst4
 19. Parameter Settings for User Entity Instance: Multiplier:b2v_inst4|Reg:R_A
 20. Parameter Settings for User Entity Instance: Multiplier:b2v_inst4|Reg:R_B
 21. Parameter Settings for User Entity Instance: Multiplier:b2v_inst4|Reg:R_C
 22. Parameter Settings for User Entity Instance: Multiplier:b2v_inst4|Reg:R_H
 23. Parameter Settings for User Entity Instance: Multiplier:b2v_inst4|Reg:R_L
 24. Parameter Settings for User Entity Instance: Multiplier:b2v_inst4|Adder:U_Ad
 25. Parameter Settings for User Entity Instance: Multiplier:b2v_inst4|CtrlLogic:U_Ctl
 26. Parameter Settings for User Entity Instance: RAM256x4:b2v_inst8|altsyncram:altsyncram_component
 27. altsyncram Parameter Settings by Entity Instance
 28. Port Connectivity Checks: "RAM256x4:b2v_inst8"
 29. Port Connectivity Checks: "Multiplier:b2v_inst4|Reg:R_L"
 30. Port Connectivity Checks: "Multiplier:b2v_inst4|Reg:R_C"
 31. Port Connectivity Checks: "Multiplier:b2v_inst4|Reg:R_B"
 32. Port Connectivity Checks: "Multiplier:b2v_inst4|Reg:R_A"
 33. Port Connectivity Checks: "Multiplier:b2v_inst4"
 34. Port Connectivity Checks: "Reg:b2v_inst2"
 35. Elapsed Time Per Partition
 36. Analysis & Synthesis Messages



----------------
; Legal Notice ;
----------------
Copyright (C) 1991-2013 Altera Corporation
Your use of Altera Corporation's design tools, logic functions 
and other software and tools, and its AMPP partner logic 
functions, and any output files from any of the foregoing 
(including device programming or simulation files), and any 
associated documentation or information are expressly subject 
to the terms and conditions of the Altera Program License 
Subscription Agreement, Altera MegaCore Function License 
Agreement, or other applicable license agreement, including, 
without limitation, that your use is for the sole purpose of 
programming logic devices manufactured by Altera and sold by 
Altera or its authorized distributors.  Please refer to the 
applicable agreement for further details.



+--------------------------------------------------------------------------------------+
; Analysis & Synthesis Summary                                                         ;
+------------------------------------+-------------------------------------------------+
; Analysis & Synthesis Status        ; Successful - Fri May 20 18:30:03 2022           ;
; Quartus II 64-Bit Version          ; 13.0.1 Build 232 06/12/2013 SP 1 SJ Web Edition ;
; Revision Name                      ; Question1                                       ;
; Top-level Entity Name              ; Vector_multiplier_sum_code                      ;
; Family                             ; Cyclone II                                      ;
; Total logic elements               ; 110                                             ;
;     Total combinational functions  ; 91                                              ;
;     Dedicated logic registers      ; 71                                              ;
; Total registers                    ; 71                                              ;
; Total pins                         ; 21                                              ;
; Total virtual pins                 ; 0                                               ;
; Total memory bits                  ; 1,024                                           ;
; Embedded Multiplier 9-bit elements ; 0                                               ;
; Total PLLs                         ; 0                                               ;
+------------------------------------+-------------------------------------------------+


+------------------------------------------------------------------------------------------------------------------------------+
; Analysis & Synthesis Settings                                                                                                ;
+----------------------------------------------------------------------------+----------------------------+--------------------+
; Option                                                                     ; Setting                    ; Default Value      ;
+----------------------------------------------------------------------------+----------------------------+--------------------+
; Device                                                                     ; EP2C35F672C6               ;                    ;
; Top-level entity name                                                      ; Vector_multiplier_sum_code ; Question1          ;
; Family name                                                                ; Cyclone II                 ; Cyclone IV GX      ;
; VHDL Show LMF Mapping Messages                                             ; Off                        ;                    ;
; VHDL Version                                                               ; VHDL_2008                  ; VHDL_1993          ;
; Use smart compilation                                                      ; Off                        ; Off                ;
; Enable parallel Assembler and TimeQuest Timing Analyzer during compilation ; On                         ; On                 ;
; Enable compact report table                                                ; Off                        ; Off                ;
; Restructure Multiplexers                                                   ; Auto                       ; Auto               ;
; Create Debugging Nodes for IP Cores                                        ; Off                        ; Off                ;
; Preserve fewer node names                                                  ; On                         ; On                 ;
; Disable OpenCore Plus hardware evaluation                                  ; Off                        ; Off                ;
; Verilog Version                                                            ; Verilog_2001               ; Verilog_2001       ;
; State Machine Processing                                                   ; Auto                       ; Auto               ;
; Safe State Machine                                                         ; Off                        ; Off                ;
; Extract Verilog State Machines                                             ; On                         ; On                 ;
; Extract VHDL State Machines                                                ; On                         ; On                 ;
; Ignore Verilog initial constructs                                          ; Off                        ; Off                ;
; Iteration limit for constant Verilog loops                                 ; 5000                       ; 5000               ;
; Iteration limit for non-constant Verilog loops                             ; 250                        ; 250                ;
; Add Pass-Through Logic to Inferred RAMs                                    ; On                         ; On                 ;
; Infer RAMs from Raw Logic                                                  ; On                         ; On                 ;
; Parallel Synthesis                                                         ; On                         ; On                 ;
; DSP Block Balancing                                                        ; Auto                       ; Auto               ;
; NOT Gate Push-Back                                                         ; On                         ; On                 ;
; Power-Up Don't Care                                                        ; On                         ; On                 ;
; Remove Redundant Logic Cells                                               ; Off                        ; Off                ;
; Remove Duplicate Registers                                                 ; On                         ; On                 ;
; Ignore CARRY Buffers                                                       ; Off                        ; Off                ;
; Ignore CASCADE Buffers                                                     ; Off                        ; Off                ;
; Ignore GLOBAL Buffers                                                      ; Off                        ; Off                ;
; Ignore ROW GLOBAL Buffers                                                  ; Off                        ; Off                ;
; Ignore LCELL Buffers                                                       ; Off                        ; Off                ;
; Ignore SOFT Buffers                                                        ; On                         ; On                 ;
; Limit AHDL Integers to 32 Bits                                             ; Off                        ; Off                ;
; Optimization Technique                                                     ; Balanced                   ; Balanced           ;
; Carry Chain Length                                                         ; 70                         ; 70                 ;
; Auto Carry Chains                                                          ; On                         ; On                 ;
; Auto Open-Drain Pins                                                       ; On                         ; On                 ;
; Perform WYSIWYG Primitive Resynthesis                                      ; Off                        ; Off                ;
; Auto ROM Replacement                                                       ; On                         ; On                 ;
; Auto RAM Replacement                                                       ; On                         ; On                 ;
; Auto Shift Register Replacement                                            ; Auto                       ; Auto               ;
; Allow Shift Register Merging across Hierarchies                            ; Auto                       ; Auto               ;
; Auto Clock Enable Replacement                                              ; On                         ; On                 ;
; Strict RAM Replacement                                                     ; Off                        ; Off                ;
; Allow Synchronous Control Signals                                          ; On                         ; On                 ;
; Force Use of Synchronous Clear Signals                                     ; Off                        ; Off                ;
; Auto RAM to Logic Cell Conversion                                          ; Off                        ; Off                ;
; Auto Resource Sharing                                                      ; Off                        ; Off                ;
; Allow Any RAM Size For Recognition                                         ; Off                        ; Off                ;
; Allow Any ROM Size For Recognition                                         ; Off                        ; Off                ;
; Allow Any Shift Register Size For Recognition                              ; Off                        ; Off                ;
; Use LogicLock Constraints during Resource Balancing                        ; On                         ; On                 ;
; Ignore translate_off and synthesis_off directives                          ; Off                        ; Off                ;
; Timing-Driven Synthesis                                                    ; Off                        ; Off                ;
; Report Parameter Settings                                                  ; On                         ; On                 ;
; Report Source Assignments                                                  ; On                         ; On                 ;
; Report Connectivity Checks                                                 ; On                         ; On                 ;
; Ignore Maximum Fan-Out Assignments                                         ; Off                        ; Off                ;
; Synchronization Register Chain Length                                      ; 2                          ; 2                  ;
; PowerPlay Power Optimization                                               ; Normal compilation         ; Normal compilation ;
; HDL message level                                                          ; Level2                     ; Level2             ;
; Suppress Register Optimization Related Messages                            ; Off                        ; Off                ;
; Number of Removed Registers Reported in Synthesis Report                   ; 5000                       ; 5000               ;
; Number of Swept Nodes Reported in Synthesis Report                         ; 5000                       ; 5000               ;
; Number of Inverted Registers Reported in Synthesis Report                  ; 100                        ; 100                ;
; Clock MUX Protection                                                       ; On                         ; On                 ;
; Auto Gated Clock Conversion                                                ; Off                        ; Off                ;
; Block Design Naming                                                        ; Auto                       ; Auto               ;
; SDC constraint protection                                                  ; Off                        ; Off                ;
; Synthesis Effort                                                           ; Auto                       ; Auto               ;
; Shift Register Replacement - Allow Asynchronous Clear Signal               ; On                         ; On                 ;
; Pre-Mapping Resynthesis Optimization                                       ; Off                        ; Off                ;
; Analysis & Synthesis Message Level                                         ; Medium                     ; Medium             ;
; Disable Register Merging Across Hierarchies                                ; Auto                       ; Auto               ;
; Resource Aware Inference For Block RAM                                     ; On                         ; On                 ;
; Synthesis Seed                                                             ; 1                          ; 1                  ;
+----------------------------------------------------------------------------+----------------------------+--------------------+


Parallel compilation was disabled, but you have multiple processors available. Enable parallel compilation to reduce compilation time.
+-------------------------------------+
; Parallel Compilation                ;
+----------------------------+--------+
; Processors                 ; Number ;
+----------------------------+--------+
; Number detected on machine ; 8      ;
; Maximum allowed            ; 1      ;
+----------------------------+--------+


+--------------------------------------------------------------------------------------------------------------------------------------------------------------------------------------------+
; Analysis & Synthesis Source Files Read                                                                                                                                                     ;
+----------------------------------+-----------------+----------------------------------+------------------------------------------------------------------------------------------+---------+
; File Name with User-Entered Path ; Used in Netlist ; File Type                        ; File Name with Absolute Path                                                             ; Library ;
+----------------------------------+-----------------+----------------------------------+------------------------------------------------------------------------------------------+---------+
; Vector_multiplier_sum_code.vhd   ; yes             ; User VHDL File                   ; C:/Users/v4ngbz/Documents/Quartus/DD2/Exercise8/Question2/Vector_multiplier_sum_code.vhd ;         ;
; RAM256x4.vhd                     ; yes             ; User Wizard-Generated File       ; C:/Users/v4ngbz/Documents/Quartus/DD2/Exercise8/Question2/RAM256x4.vhd                   ;         ;
; Reg.vhd                          ; yes             ; User VHDL File                   ; C:/Users/v4ngbz/Documents/Quartus/DD2/Exercise8/Question2/Reg.vhd                        ;         ;
; Multiplier.vhd                   ; yes             ; User VHDL File                   ; C:/Users/v4ngbz/Documents/Quartus/DD2/Exercise8/Question2/Multiplier.vhd                 ;         ;
; Declare.vhd                      ; yes             ; User VHDL File                   ; C:/Users/v4ngbz/Documents/Quartus/DD2/Exercise8/Question2/Declare.vhd                    ;         ;
; CtrlLogic.vhd                    ; yes             ; User VHDL File                   ; C:/Users/v4ngbz/Documents/Quartus/DD2/Exercise8/Question2/CtrlLogic.vhd                  ;         ;
; Adder.vhd                        ; yes             ; User VHDL File                   ; C:/Users/v4ngbz/Documents/Quartus/DD2/Exercise8/Question2/Adder.vhd                      ;         ;
; MainControlUnit.vhd              ; yes             ; User VHDL File                   ; C:/Users/v4ngbz/Documents/Quartus/DD2/Exercise8/Question2/MainControlUnit.vhd            ;         ;
; RAM256x4.mif                     ; yes             ; User Memory Initialization File  ; C:/Users/v4ngbz/Documents/Quartus/DD2/Exercise8/Question2/RAM256x4.mif                   ;         ;
; altsyncram.tdf                   ; yes             ; Megafunction                     ; c:/altera/13.0sp1/quartus/libraries/megafunctions/altsyncram.tdf                         ;         ;
; stratix_ram_block.inc            ; yes             ; Megafunction                     ; c:/altera/13.0sp1/quartus/libraries/megafunctions/stratix_ram_block.inc                  ;         ;
; lpm_mux.inc                      ; yes             ; Megafunction                     ; c:/altera/13.0sp1/quartus/libraries/megafunctions/lpm_mux.inc                            ;         ;
; lpm_decode.inc                   ; yes             ; Megafunction                     ; c:/altera/13.0sp1/quartus/libraries/megafunctions/lpm_decode.inc                         ;         ;
; aglobal130.inc                   ; yes             ; Megafunction                     ; c:/altera/13.0sp1/quartus/libraries/megafunctions/aglobal130.inc                         ;         ;
; a_rdenreg.inc                    ; yes             ; Megafunction                     ; c:/altera/13.0sp1/quartus/libraries/megafunctions/a_rdenreg.inc                          ;         ;
; altrom.inc                       ; yes             ; Megafunction                     ; c:/altera/13.0sp1/quartus/libraries/megafunctions/altrom.inc                             ;         ;
; altram.inc                       ; yes             ; Megafunction                     ; c:/altera/13.0sp1/quartus/libraries/megafunctions/altram.inc                             ;         ;
; altdpram.inc                     ; yes             ; Megafunction                     ; c:/altera/13.0sp1/quartus/libraries/megafunctions/altdpram.inc                           ;         ;
; db/altsyncram_jtc1.tdf           ; yes             ; Auto-Generated Megafunction      ; C:/Users/v4ngbz/Documents/Quartus/DD2/Exercise8/Question2/db/altsyncram_jtc1.tdf         ;         ;
+----------------------------------+-----------------+----------------------------------+------------------------------------------------------------------------------------------+---------+


+-----------------------------------------------------+
; Analysis & Synthesis Resource Usage Summary         ;
+---------------------------------------------+-------+
; Resource                                    ; Usage ;
+---------------------------------------------+-------+
; Estimated Total logic elements              ; 110   ;
;                                             ;       ;
; Total combinational functions               ; 91    ;
; Logic element usage by number of LUT inputs ;       ;
;     -- 4 input functions                    ; 25    ;
;     -- 3 input functions                    ; 34    ;
;     -- <=2 input functions                  ; 32    ;
;                                             ;       ;
; Logic elements by mode                      ;       ;
;     -- normal mode                          ; 74    ;
;     -- arithmetic mode                      ; 17    ;
;                                             ;       ;
; Total registers                             ; 71    ;
;     -- Dedicated logic registers            ; 71    ;
;     -- I/O registers                        ; 0     ;
;                                             ;       ;
; I/O pins                                    ; 21    ;
; Total memory bits                           ; 1024  ;
; Embedded Multiplier 9-bit elements          ; 0     ;
; Maximum fan-out node                        ; clk   ;
; Maximum fan-out                             ; 75    ;
; Total fan-out                               ; 561   ;
; Average fan-out                             ; 3.00  ;
+---------------------------------------------+-------+


+--------------------------------------------------------------------------------------------------------------------------------------------------------------------------------------------------------------------------------------------------------------------------------------+
; Analysis & Synthesis Resource Utilization by Entity                                                                                                                                                                                                                                  ;
+-------------------------------------------+-------------------+--------------+-------------+--------------+---------+-----------+------+--------------+---------------------------------------------------------------------------------------------------------------+--------------+
; Compilation Hierarchy Node                ; LC Combinationals ; LC Registers ; Memory Bits ; DSP Elements ; DSP 9x9 ; DSP 18x18 ; Pins ; Virtual Pins ; Full Hierarchy Name                                                                                           ; Library Name ;
+-------------------------------------------+-------------------+--------------+-------------+--------------+---------+-----------+------+--------------+---------------------------------------------------------------------------------------------------------------+--------------+
; |Vector_multiplier_sum_code               ; 91 (23)           ; 71 (0)       ; 1024        ; 0            ; 0       ; 0         ; 21   ; 0            ; |Vector_multiplier_sum_code                                                                                   ; work         ;
;    |MainControlUnit:b2v_inst|             ; 30 (30)           ; 30 (30)      ; 0           ; 0            ; 0       ; 0         ; 0    ; 0            ; |Vector_multiplier_sum_code|MainControlUnit:b2v_inst                                                          ; work         ;
;    |Multiplier:b2v_inst4|                 ; 27 (4)            ; 25 (0)       ; 0           ; 0            ; 0       ; 0         ; 0    ; 0            ; |Vector_multiplier_sum_code|Multiplier:b2v_inst4                                                              ; work         ;
;       |Adder:U_Ad|                        ; 5 (5)             ; 0 (0)        ; 0           ; 0            ; 0       ; 0         ; 0    ; 0            ; |Vector_multiplier_sum_code|Multiplier:b2v_inst4|Adder:U_Ad                                                   ; work         ;
;       |CtrlLogic:U_Ctl|                   ; 9 (9)             ; 8 (8)        ; 0           ; 0            ; 0       ; 0         ; 0    ; 0            ; |Vector_multiplier_sum_code|Multiplier:b2v_inst4|CtrlLogic:U_Ctl                                              ; work         ;
;       |Reg:R_A|                           ; 0 (0)             ; 4 (4)        ; 0           ; 0            ; 0       ; 0         ; 0    ; 0            ; |Vector_multiplier_sum_code|Multiplier:b2v_inst4|Reg:R_A                                                      ; work         ;
;       |Reg:R_B|                           ; 4 (4)             ; 4 (4)        ; 0           ; 0            ; 0       ; 0         ; 0    ; 0            ; |Vector_multiplier_sum_code|Multiplier:b2v_inst4|Reg:R_B                                                      ; work         ;
;       |Reg:R_C|                           ; 1 (1)             ; 1 (1)        ; 0           ; 0            ; 0       ; 0         ; 0    ; 0            ; |Vector_multiplier_sum_code|Multiplier:b2v_inst4|Reg:R_C                                                      ; work         ;
;       |Reg:R_H|                           ; 4 (4)             ; 4 (4)        ; 0           ; 0            ; 0       ; 0         ; 0    ; 0            ; |Vector_multiplier_sum_code|Multiplier:b2v_inst4|Reg:R_H                                                      ; work         ;
;       |Reg:R_L|                           ; 0 (0)             ; 4 (4)        ; 0           ; 0            ; 0       ; 0         ; 0    ; 0            ; |Vector_multiplier_sum_code|Multiplier:b2v_inst4|Reg:R_L                                                      ; work         ;
;    |RAM256x4:b2v_inst8|                   ; 0 (0)             ; 0 (0)        ; 1024        ; 0            ; 0       ; 0         ; 0    ; 0            ; |Vector_multiplier_sum_code|RAM256x4:b2v_inst8                                                                ; work         ;
;       |altsyncram:altsyncram_component|   ; 0 (0)             ; 0 (0)        ; 1024        ; 0            ; 0       ; 0         ; 0    ; 0            ; |Vector_multiplier_sum_code|RAM256x4:b2v_inst8|altsyncram:altsyncram_component                                ; work         ;
;          |altsyncram_jtc1:auto_generated| ; 0 (0)             ; 0 (0)        ; 1024        ; 0            ; 0       ; 0         ; 0    ; 0            ; |Vector_multiplier_sum_code|RAM256x4:b2v_inst8|altsyncram:altsyncram_component|altsyncram_jtc1:auto_generated ; work         ;
;    |Reg:b2v_inst2|                        ; 11 (11)           ; 16 (16)      ; 0           ; 0            ; 0       ; 0         ; 0    ; 0            ; |Vector_multiplier_sum_code|Reg:b2v_inst2                                                                     ; work         ;
+-------------------------------------------+-------------------+--------------+-------------+--------------+---------+-----------+------+--------------+---------------------------------------------------------------------------------------------------------------+--------------+
Note: For table entries with two numbers listed, the numbers in parentheses indicate the number of resources of the given type used by the specific entity alone. The numbers listed outside of parentheses indicate the total resources of the given type used by the specific entity and all of its sub-entities in the hierarchy.


+-----------------------------------------------------------------------------------------------------------------------------------------------------------------------------------------------------+
; Analysis & Synthesis RAM Summary                                                                                                                                                                    ;
+----------------------------------------------------------------------------------------------+------+-------------+--------------+--------------+--------------+--------------+------+--------------+
; Name                                                                                         ; Type ; Mode        ; Port A Depth ; Port A Width ; Port B Depth ; Port B Width ; Size ; MIF          ;
+----------------------------------------------------------------------------------------------+------+-------------+--------------+--------------+--------------+--------------+------+--------------+
; RAM256x4:b2v_inst8|altsyncram:altsyncram_component|altsyncram_jtc1:auto_generated|ALTSYNCRAM ; AUTO ; Single Port ; 256          ; 4            ; --           ; --           ; 1024 ; RAM256x4.mif ;
+----------------------------------------------------------------------------------------------+------+-------------+--------------+--------------+--------------+--------------+------+--------------+


+-----------------------------------------------------------------------------------------------------------------------------------------------------------------------------------------+
; Analysis & Synthesis IP Cores Summary                                                                                                                                                   ;
+--------+--------------+---------+--------------+--------------+------------------------------------------------+------------------------------------------------------------------------+
; Vendor ; IP Core Name ; Version ; Release Date ; License Type ; Entity Instance                                ; IP Include File                                                        ;
+--------+--------------+---------+--------------+--------------+------------------------------------------------+------------------------------------------------------------------------+
; Altera ; RAM: 1-PORT  ; 13.0    ; N/A          ; N/A          ; |Vector_multiplier_sum_code|RAM256x4:b2v_inst8 ; C:/Users/v4ngbz/Documents/Quartus/DD2/Exercise8/Question2/RAM256x4.vhd ;
+--------+--------------+---------+--------------+--------------+------------------------------------------------+------------------------------------------------------------------------+


Encoding Type:  One-Hot
+----------------------------------------------------------------------------------------+
; State Machine - |Vector_multiplier_sum_code|Multiplier:b2v_inst4|CtrlLogic:U_Ctl|state ;
+--------------+--------------+-------------+-----------+--------------------------------+
; Name         ; state.FINISH ; state.SHIFT ; state.ADD ; state.LOAD                     ;
+--------------+--------------+-------------+-----------+--------------------------------+
; state.LOAD   ; 0            ; 0           ; 0         ; 0                              ;
; state.ADD    ; 0            ; 0           ; 1         ; 1                              ;
; state.SHIFT  ; 0            ; 1           ; 0         ; 1                              ;
; state.FINISH ; 1            ; 0           ; 0         ; 1                              ;
+--------------+--------------+-------------+-----------+--------------------------------+


Encoding Type:  One-Hot
+---------------------------------------------------------------------------------------------------------------------+
; State Machine - |Vector_multiplier_sum_code|MainControlUnit:b2v_inst|state                                          ;
+----------------+--------------+-----------+----------------+------------+--------------+---------------+------------+
; Name           ; state.FINISH ; state.ADD ; state.MULTIPLY ; state.LD_B ; state.LAUNCH ; state.WAITING ; state.LD_A ;
+----------------+--------------+-----------+----------------+------------+--------------+---------------+------------+
; state.LD_A     ; 0            ; 0         ; 0              ; 0          ; 0            ; 0             ; 0          ;
; state.WAITING  ; 0            ; 0         ; 0              ; 0          ; 0            ; 1             ; 1          ;
; state.LAUNCH   ; 0            ; 0         ; 0              ; 0          ; 1            ; 0             ; 1          ;
; state.LD_B     ; 0            ; 0         ; 0              ; 1          ; 0            ; 0             ; 1          ;
; state.MULTIPLY ; 0            ; 0         ; 1              ; 0          ; 0            ; 0             ; 1          ;
; state.ADD      ; 0            ; 1         ; 0              ; 0          ; 0            ; 0             ; 1          ;
; state.FINISH   ; 1            ; 0         ; 0              ; 0          ; 0            ; 0             ; 1          ;
+----------------+--------------+-----------+----------------+------------+--------------+---------------+------------+


+--------------------------------------------------------------------------------------------+
; Registers Removed During Synthesis                                                         ;
+---------------------------------------------------+----------------------------------------+
; Register name                                     ; Reason for Removal                     ;
+---------------------------------------------------+----------------------------------------+
; MainControlUnit:b2v_inst|state.LAUNCH             ; Stuck at GND due to stuck port data_in ;
; Multiplier:b2v_inst4|CtrlLogic:U_Ctl|state.FINISH ; Lost fanout                            ;
; Total Number of Removed Registers = 2             ;                                        ;
+---------------------------------------------------+----------------------------------------+


+------------------------------------------------------+
; General Register Statistics                          ;
+----------------------------------------------+-------+
; Statistic                                    ; Value ;
+----------------------------------------------+-------+
; Total registers                              ; 71    ;
; Number of registers using Synchronous Clear  ; 0     ;
; Number of registers using Synchronous Load   ; 0     ;
; Number of registers using Asynchronous Clear ; 61    ;
; Number of registers using Asynchronous Load  ; 0     ;
; Number of registers using Clock Enable       ; 45    ;
; Number of registers using Preset             ; 0     ;
+----------------------------------------------+-------+


+------------------------------------------------------------------------------------------------------------------------------------------------------------------------------+
; Multiplexer Restructuring Statistics (Restructuring Performed)                                                                                                               ;
+--------------------+-----------+---------------+----------------------+------------------------+------------+----------------------------------------------------------------+
; Multiplexer Inputs ; Bus Width ; Baseline Area ; Area if Restructured ; Saving if Restructured ; Registered ; Example Multiplexer Output                                     ;
+--------------------+-----------+---------------+----------------------+------------------------+------------+----------------------------------------------------------------+
; 6:1                ; 2 bits    ; 8 LEs         ; 4 LEs                ; 4 LEs                  ; No         ; |Vector_multiplier_sum_code|MainControlUnit:b2v_inst|Selector0 ;
; 7:1                ; 2 bits    ; 8 LEs         ; 6 LEs                ; 2 LEs                  ; No         ; |Vector_multiplier_sum_code|MainControlUnit:b2v_inst|Selector2 ;
+--------------------+-----------+---------------+----------------------+------------------------+------------+----------------------------------------------------------------+


+----------------------------------------------------------------------------------------------------------+
; Source assignments for RAM256x4:b2v_inst8|altsyncram:altsyncram_component|altsyncram_jtc1:auto_generated ;
+---------------------------------+--------------------+------+--------------------------------------------+
; Assignment                      ; Value              ; From ; To                                         ;
+---------------------------------+--------------------+------+--------------------------------------------+
; OPTIMIZE_POWER_DURING_SYNTHESIS ; NORMAL_COMPILATION ; -    ; -                                          ;
+---------------------------------+--------------------+------+--------------------------------------------+


+-----------------------------------------------------------------------+
; Parameter Settings for User Entity Instance: MainControlUnit:b2v_inst ;
+----------------+-------+----------------------------------------------+
; Parameter Name ; Value ; Type                                         ;
+----------------+-------+----------------------------------------------+
; n              ; 4     ; Signed Integer                               ;
; addr           ; 8     ; Signed Integer                               ;
; rom            ; 256   ; Signed Integer                               ;
+----------------+-------+----------------------------------------------+
Note: In order to hide this table in the UI and the text report file, please set the "Show Parameter Settings in Synthesis Report" option in "Analysis and Synthesis Settings -> More Settings" to "Off".


+------------------------------------------------------------+
; Parameter Settings for User Entity Instance: Reg:b2v_inst2 ;
+----------------+-------+-----------------------------------+
; Parameter Name ; Value ; Type                              ;
+----------------+-------+-----------------------------------+
; n              ; 16    ; Signed Integer                    ;
+----------------+-------+-----------------------------------+
Note: In order to hide this table in the UI and the text report file, please set the "Show Parameter Settings in Synthesis Report" option in "Analysis and Synthesis Settings -> More Settings" to "Off".


+-------------------------------------------------------------------+
; Parameter Settings for User Entity Instance: Multiplier:b2v_inst4 ;
+----------------+-------+------------------------------------------+
; Parameter Name ; Value ; Type                                     ;
+----------------+-------+------------------------------------------+
; n              ; 4     ; Signed Integer                           ;
+----------------+-------+------------------------------------------+
Note: In order to hide this table in the UI and the text report file, please set the "Show Parameter Settings in Synthesis Report" option in "Analysis and Synthesis Settings -> More Settings" to "Off".


+---------------------------------------------------------------------------+
; Parameter Settings for User Entity Instance: Multiplier:b2v_inst4|Reg:R_A ;
+----------------+-------+--------------------------------------------------+
; Parameter Name ; Value ; Type                                             ;
+----------------+-------+--------------------------------------------------+
; n              ; 4     ; Signed Integer                                   ;
+----------------+-------+--------------------------------------------------+
Note: In order to hide this table in the UI and the text report file, please set the "Show Parameter Settings in Synthesis Report" option in "Analysis and Synthesis Settings -> More Settings" to "Off".


+---------------------------------------------------------------------------+
; Parameter Settings for User Entity Instance: Multiplier:b2v_inst4|Reg:R_B ;
+----------------+-------+--------------------------------------------------+
; Parameter Name ; Value ; Type                                             ;
+----------------+-------+--------------------------------------------------+
; n              ; 4     ; Signed Integer                                   ;
+----------------+-------+--------------------------------------------------+
Note: In order to hide this table in the UI and the text report file, please set the "Show Parameter Settings in Synthesis Report" option in "Analysis and Synthesis Settings -> More Settings" to "Off".


+---------------------------------------------------------------------------+
; Parameter Settings for User Entity Instance: Multiplier:b2v_inst4|Reg:R_C ;
+----------------+-------+--------------------------------------------------+
; Parameter Name ; Value ; Type                                             ;
+----------------+-------+--------------------------------------------------+
; n              ; 1     ; Signed Integer                                   ;
+----------------+-------+--------------------------------------------------+
Note: In order to hide this table in the UI and the text report file, please set the "Show Parameter Settings in Synthesis Report" option in "Analysis and Synthesis Settings -> More Settings" to "Off".


+---------------------------------------------------------------------------+
; Parameter Settings for User Entity Instance: Multiplier:b2v_inst4|Reg:R_H ;
+----------------+-------+--------------------------------------------------+
; Parameter Name ; Value ; Type                                             ;
+----------------+-------+--------------------------------------------------+
; n              ; 4     ; Signed Integer                                   ;
+----------------+-------+--------------------------------------------------+
Note: In order to hide this table in the UI and the text report file, please set the "Show Parameter Settings in Synthesis Report" option in "Analysis and Synthesis Settings -> More Settings" to "Off".


+---------------------------------------------------------------------------+
; Parameter Settings for User Entity Instance: Multiplier:b2v_inst4|Reg:R_L ;
+----------------+-------+--------------------------------------------------+
; Parameter Name ; Value ; Type                                             ;
+----------------+-------+--------------------------------------------------+
; n              ; 4     ; Signed Integer                                   ;
+----------------+-------+--------------------------------------------------+
Note: In order to hide this table in the UI and the text report file, please set the "Show Parameter Settings in Synthesis Report" option in "Analysis and Synthesis Settings -> More Settings" to "Off".


+------------------------------------------------------------------------------+
; Parameter Settings for User Entity Instance: Multiplier:b2v_inst4|Adder:U_Ad ;
+----------------+-------+-----------------------------------------------------+
; Parameter Name ; Value ; Type                                                ;
+----------------+-------+-----------------------------------------------------+
; n              ; 4     ; Signed Integer                                      ;
+----------------+-------+-----------------------------------------------------+
Note: In order to hide this table in the UI and the text report file, please set the "Show Parameter Settings in Synthesis Report" option in "Analysis and Synthesis Settings -> More Settings" to "Off".


+-----------------------------------------------------------------------------------+
; Parameter Settings for User Entity Instance: Multiplier:b2v_inst4|CtrlLogic:U_Ctl ;
+----------------+-------+----------------------------------------------------------+
; Parameter Name ; Value ; Type                                                     ;
+----------------+-------+----------------------------------------------------------+
; n              ; 4     ; Signed Integer                                           ;
+----------------+-------+----------------------------------------------------------+
Note: In order to hide this table in the UI and the text report file, please set the "Show Parameter Settings in Synthesis Report" option in "Analysis and Synthesis Settings -> More Settings" to "Off".


+-------------------------------------------------------------------------------------------------+
; Parameter Settings for User Entity Instance: RAM256x4:b2v_inst8|altsyncram:altsyncram_component ;
+------------------------------------+----------------------+-------------------------------------+
; Parameter Name                     ; Value                ; Type                                ;
+------------------------------------+----------------------+-------------------------------------+
; BYTE_SIZE_BLOCK                    ; 8                    ; Untyped                             ;
; AUTO_CARRY_CHAINS                  ; ON                   ; AUTO_CARRY                          ;
; IGNORE_CARRY_BUFFERS               ; OFF                  ; IGNORE_CARRY                        ;
; AUTO_CASCADE_CHAINS                ; ON                   ; AUTO_CASCADE                        ;
; IGNORE_CASCADE_BUFFERS             ; OFF                  ; IGNORE_CASCADE                      ;
; WIDTH_BYTEENA                      ; 1                    ; Untyped                             ;
; OPERATION_MODE                     ; SINGLE_PORT          ; Untyped                             ;
; WIDTH_A                            ; 4                    ; Signed Integer                      ;
; WIDTHAD_A                          ; 8                    ; Signed Integer                      ;
; NUMWORDS_A                         ; 256                  ; Signed Integer                      ;
; OUTDATA_REG_A                      ; UNREGISTERED         ; Untyped                             ;
; ADDRESS_ACLR_A                     ; NONE                 ; Untyped                             ;
; OUTDATA_ACLR_A                     ; NONE                 ; Untyped                             ;
; WRCONTROL_ACLR_A                   ; NONE                 ; Untyped                             ;
; INDATA_ACLR_A                      ; NONE                 ; Untyped                             ;
; BYTEENA_ACLR_A                     ; NONE                 ; Untyped                             ;
; WIDTH_B                            ; 1                    ; Untyped                             ;
; WIDTHAD_B                          ; 1                    ; Untyped                             ;
; NUMWORDS_B                         ; 1                    ; Untyped                             ;
; INDATA_REG_B                       ; CLOCK1               ; Untyped                             ;
; WRCONTROL_WRADDRESS_REG_B          ; CLOCK1               ; Untyped                             ;
; RDCONTROL_REG_B                    ; CLOCK1               ; Untyped                             ;
; ADDRESS_REG_B                      ; CLOCK1               ; Untyped                             ;
; OUTDATA_REG_B                      ; UNREGISTERED         ; Untyped                             ;
; BYTEENA_REG_B                      ; CLOCK1               ; Untyped                             ;
; INDATA_ACLR_B                      ; NONE                 ; Untyped                             ;
; WRCONTROL_ACLR_B                   ; NONE                 ; Untyped                             ;
; ADDRESS_ACLR_B                     ; NONE                 ; Untyped                             ;
; OUTDATA_ACLR_B                     ; NONE                 ; Untyped                             ;
; RDCONTROL_ACLR_B                   ; NONE                 ; Untyped                             ;
; BYTEENA_ACLR_B                     ; NONE                 ; Untyped                             ;
; WIDTH_BYTEENA_A                    ; 1                    ; Signed Integer                      ;
; WIDTH_BYTEENA_B                    ; 1                    ; Untyped                             ;
; RAM_BLOCK_TYPE                     ; AUTO                 ; Untyped                             ;
; BYTE_SIZE                          ; 8                    ; Untyped                             ;
; READ_DURING_WRITE_MODE_MIXED_PORTS ; DONT_CARE            ; Untyped                             ;
; READ_DURING_WRITE_MODE_PORT_A      ; NEW_DATA_NO_NBE_READ ; Untyped                             ;
; READ_DURING_WRITE_MODE_PORT_B      ; NEW_DATA_NO_NBE_READ ; Untyped                             ;
; INIT_FILE                          ; RAM256x4.mif         ; Untyped                             ;
; INIT_FILE_LAYOUT                   ; PORT_A               ; Untyped                             ;
; MAXIMUM_DEPTH                      ; 0                    ; Untyped                             ;
; CLOCK_ENABLE_INPUT_A               ; BYPASS               ; Untyped                             ;
; CLOCK_ENABLE_INPUT_B               ; NORMAL               ; Untyped                             ;
; CLOCK_ENABLE_OUTPUT_A              ; BYPASS               ; Untyped                             ;
; CLOCK_ENABLE_OUTPUT_B              ; NORMAL               ; Untyped                             ;
; CLOCK_ENABLE_CORE_A                ; USE_INPUT_CLKEN      ; Untyped                             ;
; CLOCK_ENABLE_CORE_B                ; USE_INPUT_CLKEN      ; Untyped                             ;
; ENABLE_ECC                         ; FALSE                ; Untyped                             ;
; ECC_PIPELINE_STAGE_ENABLED         ; FALSE                ; Untyped                             ;
; WIDTH_ECCSTATUS                    ; 3                    ; Untyped                             ;
; DEVICE_FAMILY                      ; Cyclone II           ; Untyped                             ;
; CBXI_PARAMETER                     ; altsyncram_jtc1      ; Untyped                             ;
+------------------------------------+----------------------+-------------------------------------+
Note: In order to hide this table in the UI and the text report file, please set the "Show Parameter Settings in Synthesis Report" option in "Analysis and Synthesis Settings -> More Settings" to "Off".


+------------------------------------------------------------------------------------------------+
; altsyncram Parameter Settings by Entity Instance                                               ;
+-------------------------------------------+----------------------------------------------------+
; Name                                      ; Value                                              ;
+-------------------------------------------+----------------------------------------------------+
; Number of entity instances                ; 1                                                  ;
; Entity Instance                           ; RAM256x4:b2v_inst8|altsyncram:altsyncram_component ;
;     -- OPERATION_MODE                     ; SINGLE_PORT                                        ;
;     -- WIDTH_A                            ; 4                                                  ;
;     -- NUMWORDS_A                         ; 256                                                ;
;     -- OUTDATA_REG_A                      ; UNREGISTERED                                       ;
;     -- WIDTH_B                            ; 1                                                  ;
;     -- NUMWORDS_B                         ; 1                                                  ;
;     -- ADDRESS_REG_B                      ; CLOCK1                                             ;
;     -- OUTDATA_REG_B                      ; UNREGISTERED                                       ;
;     -- RAM_BLOCK_TYPE                     ; AUTO                                               ;
;     -- READ_DURING_WRITE_MODE_MIXED_PORTS ; DONT_CARE                                          ;
+-------------------------------------------+----------------------------------------------------+


+------------------------------------------------+
; Port Connectivity Checks: "RAM256x4:b2v_inst8" ;
+------+-------+----------+----------------------+
; Port ; Type  ; Severity ; Details              ;
+------+-------+----------+----------------------+
; wren ; Input ; Info     ; Stuck at GND         ;
; data ; Input ; Info     ; Stuck at GND         ;
+------+-------+----------+----------------------+


+----------------------------------------------------------------------------------------------------------------+
; Port Connectivity Checks: "Multiplier:b2v_inst4|Reg:R_L"                                                       ;
+------+--------+----------+-------------------------------------------------------------------------------------+
; Port ; Type   ; Severity ; Details                                                                             ;
+------+--------+----------+-------------------------------------------------------------------------------------+
; d_in ; Input  ; Info     ; Stuck at GND                                                                        ;
; so   ; Output ; Info     ; Connected to dangling logic. Logic that only feeds a dangling port will be removed. ;
+------+--------+----------+-------------------------------------------------------------------------------------+


+----------------------------------------------------------------------------------------------------------------+
; Port Connectivity Checks: "Multiplier:b2v_inst4|Reg:R_C"                                                       ;
+------+--------+----------+-------------------------------------------------------------------------------------+
; Port ; Type   ; Severity ; Details                                                                             ;
+------+--------+----------+-------------------------------------------------------------------------------------+
; si   ; Input  ; Info     ; Stuck at GND                                                                        ;
; so   ; Output ; Info     ; Connected to dangling logic. Logic that only feeds a dangling port will be removed. ;
+------+--------+----------+-------------------------------------------------------------------------------------+


+----------------------------------------------------------------------------------------------------------------+
; Port Connectivity Checks: "Multiplier:b2v_inst4|Reg:R_B"                                                       ;
+------+--------+----------+-------------------------------------------------------------------------------------+
; Port ; Type   ; Severity ; Details                                                                             ;
+------+--------+----------+-------------------------------------------------------------------------------------+
; so   ; Output ; Info     ; Connected to dangling logic. Logic that only feeds a dangling port will be removed. ;
+------+--------+----------+-------------------------------------------------------------------------------------+


+----------------------------------------------------------+
; Port Connectivity Checks: "Multiplier:b2v_inst4|Reg:R_A" ;
+------+-------+----------+--------------------------------+
; Port ; Type  ; Severity ; Details                        ;
+------+-------+----------+--------------------------------+
; si   ; Input ; Info     ; Stuck at GND                   ;
+------+-------+----------+--------------------------------+


+----------------------------------------------------------------------------------------------------------------+
; Port Connectivity Checks: "Multiplier:b2v_inst4"                                                               ;
+------+--------+----------+-------------------------------------------------------------------------------------+
; Port ; Type   ; Severity ; Details                                                                             ;
+------+--------+----------+-------------------------------------------------------------------------------------+
; outa ; Output ; Info     ; Connected to dangling logic. Logic that only feeds a dangling port will be removed. ;
; outb ; Output ; Info     ; Connected to dangling logic. Logic that only feeds a dangling port will be removed. ;
; outc ; Output ; Info     ; Connected to dangling logic. Logic that only feeds a dangling port will be removed. ;
+------+--------+----------+-------------------------------------------------------------------------------------+


+-----------------------------------------------------------------------------------------------------------------+
; Port Connectivity Checks: "Reg:b2v_inst2"                                                                       ;
+-------+--------+----------+-------------------------------------------------------------------------------------+
; Port  ; Type   ; Severity ; Details                                                                             ;
+-------+--------+----------+-------------------------------------------------------------------------------------+
; si    ; Input  ; Info     ; Stuck at GND                                                                        ;
; sload ; Input  ; Info     ; Stuck at GND                                                                        ;
; so    ; Output ; Info     ; Connected to dangling logic. Logic that only feeds a dangling port will be removed. ;
+-------+--------+----------+-------------------------------------------------------------------------------------+


+-------------------------------+
; Elapsed Time Per Partition    ;
+----------------+--------------+
; Partition Name ; Elapsed Time ;
+----------------+--------------+
; Top            ; 00:00:01     ;
+----------------+--------------+


+-------------------------------+
; Analysis & Synthesis Messages ;
+-------------------------------+
Info: *******************************************************************
Info: Running Quartus II 64-Bit Analysis & Synthesis
    Info: Version 13.0.1 Build 232 06/12/2013 Service Pack 1 SJ Web Edition
    Info: Processing started: Fri May 20 18:29:59 2022
Info: Command: quartus_map --read_settings_files=on --write_settings_files=off Question1 -c Question1
Warning (20028): Parallel compilation is not licensed and has been disabled
Info (12021): Found 2 design units, including 1 entities, in source file vector_multiplier_sum_code.vhd
    Info (12022): Found design unit 1: Vector_multiplier_sum_code-bdf_type
    Info (12023): Found entity 1: Vector_multiplier_sum_code
Info (12021): Found 2 design units, including 1 entities, in source file ram256x4.vhd
    Info (12022): Found design unit 1: ram256x4-SYN
    Info (12023): Found entity 1: RAM256x4
Info (12021): Found 2 design units, including 1 entities, in source file reg.vhd
    Info (12022): Found design unit 1: Reg-RTL
    Info (12023): Found entity 1: Reg
Info (12021): Found 2 design units, including 1 entities, in source file multiplier.vhd
    Info (12022): Found design unit 1: Multiplier-RTL
    Info (12023): Found entity 1: Multiplier
Info (12021): Found 1 design units, including 0 entities, in source file declare.vhd
    Info (12022): Found design unit 1: Declarations
Info (12021): Found 2 design units, including 1 entities, in source file ctrllogic.vhd
    Info (12022): Found design unit 1: CtrlLogic-DataFlow
    Info (12023): Found entity 1: CtrlLogic
Info (12021): Found 2 design units, including 1 entities, in source file adder.vhd
    Info (12022): Found design unit 1: Adder-DataFlow
    Info (12023): Found entity 1: Adder
Info (12021): Found 2 design units, including 1 entities, in source file maincontrolunit.vhd
    Info (12022): Found design unit 1: MainControlUnit-RTL
    Info (12023): Found entity 1: MainControlUnit
Info (12021): Found 1 design units, including 1 entities, in source file vector_multiplier_sum.bdf
    Info (12023): Found entity 1: Vector_multiplier_sum
Info (12127): Elaborating entity "Vector_multiplier_sum_code" for the top level hierarchy
Info (12128): Elaborating entity "MainControlUnit" for hierarchy "MainControlUnit:b2v_inst"
Info (12128): Elaborating entity "Reg" for hierarchy "Reg:b2v_inst2"
Info (12128): Elaborating entity "Multiplier" for hierarchy "Multiplier:b2v_inst4"
Info (12128): Elaborating entity "Reg" for hierarchy "Multiplier:b2v_inst4|Reg:R_A"
Info (12128): Elaborating entity "Reg" for hierarchy "Multiplier:b2v_inst4|Reg:R_C"
Warning (10445): VHDL Subtype or Type Declaration warning at Reg.vhd(22): subtype or type has null range
Info (12128): Elaborating entity "Adder" for hierarchy "Multiplier:b2v_inst4|Adder:U_Ad"
Info (12128): Elaborating entity "CtrlLogic" for hierarchy "Multiplier:b2v_inst4|CtrlLogic:U_Ctl"
Warning (10036): Verilog HDL or VHDL warning at CtrlLogic.vhd(18): object "ena" assigned a value but never read
Warning (10036): Verilog HDL or VHDL warning at CtrlLogic.vhd(19): object "enb" assigned a value but never read
Info (12128): Elaborating entity "RAM256x4" for hierarchy "RAM256x4:b2v_inst8"
Info (12128): Elaborating entity "altsyncram" for hierarchy "RAM256x4:b2v_inst8|altsyncram:altsyncram_component"
Info (12130): Elaborated megafunction instantiation "RAM256x4:b2v_inst8|altsyncram:altsyncram_component"
Info (12133): Instantiated megafunction "RAM256x4:b2v_inst8|altsyncram:altsyncram_component" with the following parameter:
    Info (12134): Parameter "clock_enable_input_a" = "BYPASS"
    Info (12134): Parameter "clock_enable_output_a" = "BYPASS"
    Info (12134): Parameter "init_file" = "RAM256x4.mif"
    Info (12134): Parameter "intended_device_family" = "Cyclone II"
    Info (12134): Parameter "lpm_hint" = "ENABLE_RUNTIME_MOD=NO"
    Info (12134): Parameter "lpm_type" = "altsyncram"
    Info (12134): Parameter "numwords_a" = "256"
    Info (12134): Parameter "operation_mode" = "SINGLE_PORT"
    Info (12134): Parameter "outdata_aclr_a" = "NONE"
    Info (12134): Parameter "outdata_reg_a" = "UNREGISTERED"
    Info (12134): Parameter "power_up_uninitialized" = "FALSE"
    Info (12134): Parameter "widthad_a" = "8"
    Info (12134): Parameter "width_a" = "4"
    Info (12134): Parameter "width_byteena_a" = "1"
Info (12021): Found 1 design units, including 1 entities, in source file db/altsyncram_jtc1.tdf
    Info (12023): Found entity 1: altsyncram_jtc1
Info (12128): Elaborating entity "altsyncram_jtc1" for hierarchy "RAM256x4:b2v_inst8|altsyncram:altsyncram_component|altsyncram_jtc1:auto_generated"
Info (17049): 1 registers lost all their fanouts during netlist optimizations.
Info (16010): Generating hard_block partition "hard_block:auto_generated_inst"
    Info (16011): Adding 0 node(s), including 0 DDIO, 0 PLL, 0 transceiver and 0 LCELL
Warning (21074): Design contains 1 input pin(s) that do not drive logic
    Warning (15610): No output dependent on input pin "lunch"
Info (21057): Implemented 135 device resources after synthesis - the final resource count might be different
    Info (21058): Implemented 3 input pins
    Info (21059): Implemented 18 output pins
    Info (21061): Implemented 110 logic cells
    Info (21064): Implemented 4 RAM segments
Info: Quartus II 64-Bit Analysis & Synthesis was successful. 0 errors, 6 warnings
    Info: Peak virtual memory: 4663 megabytes
    Info: Processing ended: Fri May 20 18:30:03 2022
    Info: Elapsed time: 00:00:04
    Info: Total CPU time (on all processors): 00:00:04


