Analysis & Synthesis report for Question1
Sun Mar 27 13:59:48 2022
Quartus II 64-Bit Version 13.0.1 Build 232 06/12/2013 Service Pack 1 SJ Web Edition


---------------------
; Table of Contents ;
---------------------
  1. Legal Notice
  2. Analysis & Synthesis Summary
  3. Analysis & Synthesis Settings
  4. Parallel Compilation
  5. Analysis & Synthesis Source Files Read
  6. Analysis & Synthesis Resource Usage Summary
  7. Analysis & Synthesis Resource Utilization by Entity
  8. General Register Statistics
  9. Parameter Settings for User Entity Instance: Datapath:inst1|Register:RegY|LPM_FF:ff8
 10. Parameter Settings for User Entity Instance: Datapath:inst1|Register:RegY|BUSMUX:mux8
 11. Parameter Settings for User Entity Instance: Datapath:inst1|Register:RegX|LPM_FF:ff8
 12. Parameter Settings for User Entity Instance: Datapath:inst1|Register:RegX|BUSMUX:mux8
 13. Elapsed Time Per Partition
 14. Analysis & Synthesis Messages



----------------
; Legal Notice ;
----------------
Copyright (C) 1991-2013 Altera Corporation
Your use of Altera Corporation's design tools, logic functions 
and other software and tools, and its AMPP partner logic 
functions, and any output files from any of the foregoing 
(including device programming or simulation files), and any 
associated documentation or information are expressly subject 
to the terms and conditions of the Altera Program License 
Subscription Agreement, Altera MegaCore Function License 
Agreement, or other applicable license agreement, including, 
without limitation, that your use is for the sole purpose of 
programming logic devices manufactured by Altera and sold by 
Altera or its authorized distributors.  Please refer to the 
applicable agreement for further details.



+--------------------------------------------------------------------------------------+
; Analysis & Synthesis Summary                                                         ;
+------------------------------------+-------------------------------------------------+
; Analysis & Synthesis Status        ; Successful - Sun Mar 27 13:59:48 2022           ;
; Quartus II 64-Bit Version          ; 13.0.1 Build 232 06/12/2013 SP 1 SJ Web Edition ;
; Revision Name                      ; Question1                                       ;
; Top-level Entity Name              ; Question1                                       ;
; Family                             ; Cyclone II                                      ;
; Total logic elements               ; 43                                              ;
;     Total combinational functions  ; 42                                              ;
;     Dedicated logic registers      ; 19                                              ;
; Total registers                    ; 19                                              ;
; Total pins                         ; 45                                              ;
; Total virtual pins                 ; 0                                               ;
; Total memory bits                  ; 0                                               ;
; Embedded Multiplier 9-bit elements ; 0                                               ;
; Total PLLs                         ; 0                                               ;
+------------------------------------+-------------------------------------------------+


+----------------------------------------------------------------------------------------------------------------------+
; Analysis & Synthesis Settings                                                                                        ;
+----------------------------------------------------------------------------+--------------------+--------------------+
; Option                                                                     ; Setting            ; Default Value      ;
+----------------------------------------------------------------------------+--------------------+--------------------+
; Device                                                                     ; EP2C35F672C6       ;                    ;
; Top-level entity name                                                      ; Question1          ; Question1          ;
; Family name                                                                ; Cyclone II         ; Cyclone IV GX      ;
; Use smart compilation                                                      ; Off                ; Off                ;
; Enable parallel Assembler and TimeQuest Timing Analyzer during compilation ; On                 ; On                 ;
; Enable compact report table                                                ; Off                ; Off                ;
; Restructure Multiplexers                                                   ; Auto               ; Auto               ;
; Create Debugging Nodes for IP Cores                                        ; Off                ; Off                ;
; Preserve fewer node names                                                  ; On                 ; On                 ;
; Disable OpenCore Plus hardware evaluation                                  ; Off                ; Off                ;
; Verilog Version                                                            ; Verilog_2001       ; Verilog_2001       ;
; VHDL Version                                                               ; VHDL_1993          ; VHDL_1993          ;
; State Machine Processing                                                   ; Auto               ; Auto               ;
; Safe State Machine                                                         ; Off                ; Off                ;
; Extract Verilog State Machines                                             ; On                 ; On                 ;
; Extract VHDL State Machines                                                ; On                 ; On                 ;
; Ignore Verilog initial constructs                                          ; Off                ; Off                ;
; Iteration limit for constant Verilog loops                                 ; 5000               ; 5000               ;
; Iteration limit for non-constant Verilog loops                             ; 250                ; 250                ;
; Add Pass-Through Logic to Inferred RAMs                                    ; On                 ; On                 ;
; Infer RAMs from Raw Logic                                                  ; On                 ; On                 ;
; Parallel Synthesis                                                         ; On                 ; On                 ;
; DSP Block Balancing                                                        ; Auto               ; Auto               ;
; NOT Gate Push-Back                                                         ; On                 ; On                 ;
; Power-Up Don't Care                                                        ; On                 ; On                 ;
; Remove Redundant Logic Cells                                               ; Off                ; Off                ;
; Remove Duplicate Registers                                                 ; On                 ; On                 ;
; Ignore CARRY Buffers                                                       ; Off                ; Off                ;
; Ignore CASCADE Buffers                                                     ; Off                ; Off                ;
; Ignore GLOBAL Buffers                                                      ; Off                ; Off                ;
; Ignore ROW GLOBAL Buffers                                                  ; Off                ; Off                ;
; Ignore LCELL Buffers                                                       ; Off                ; Off                ;
; Ignore SOFT Buffers                                                        ; On                 ; On                 ;
; Limit AHDL Integers to 32 Bits                                             ; Off                ; Off                ;
; Optimization Technique                                                     ; Balanced           ; Balanced           ;
; Carry Chain Length                                                         ; 70                 ; 70                 ;
; Auto Carry Chains                                                          ; On                 ; On                 ;
; Auto Open-Drain Pins                                                       ; On                 ; On                 ;
; Perform WYSIWYG Primitive Resynthesis                                      ; Off                ; Off                ;
; Auto ROM Replacement                                                       ; On                 ; On                 ;
; Auto RAM Replacement                                                       ; On                 ; On                 ;
; Auto Shift Register Replacement                                            ; Auto               ; Auto               ;
; Allow Shift Register Merging across Hierarchies                            ; Auto               ; Auto               ;
; Auto Clock Enable Replacement                                              ; On                 ; On                 ;
; Strict RAM Replacement                                                     ; Off                ; Off                ;
; Allow Synchronous Control Signals                                          ; On                 ; On                 ;
; Force Use of Synchronous Clear Signals                                     ; Off                ; Off                ;
; Auto RAM to Logic Cell Conversion                                          ; Off                ; Off                ;
; Auto Resource Sharing                                                      ; Off                ; Off                ;
; Allow Any RAM Size For Recognition                                         ; Off                ; Off                ;
; Allow Any ROM Size For Recognition                                         ; Off                ; Off                ;
; Allow Any Shift Register Size For Recognition                              ; Off                ; Off                ;
; Use LogicLock Constraints during Resource Balancing                        ; On                 ; On                 ;
; Ignore translate_off and synthesis_off directives                          ; Off                ; Off                ;
; Timing-Driven Synthesis                                                    ; Off                ; Off                ;
; Report Parameter Settings                                                  ; On                 ; On                 ;
; Report Source Assignments                                                  ; On                 ; On                 ;
; Report Connectivity Checks                                                 ; On                 ; On                 ;
; Ignore Maximum Fan-Out Assignments                                         ; Off                ; Off                ;
; Synchronization Register Chain Length                                      ; 2                  ; 2                  ;
; PowerPlay Power Optimization                                               ; Normal compilation ; Normal compilation ;
; HDL message level                                                          ; Level2             ; Level2             ;
; Suppress Register Optimization Related Messages                            ; Off                ; Off                ;
; Number of Removed Registers Reported in Synthesis Report                   ; 5000               ; 5000               ;
; Number of Swept Nodes Reported in Synthesis Report                         ; 5000               ; 5000               ;
; Number of Inverted Registers Reported in Synthesis Report                  ; 100                ; 100                ;
; Clock MUX Protection                                                       ; On                 ; On                 ;
; Auto Gated Clock Conversion                                                ; Off                ; Off                ;
; Block Design Naming                                                        ; Auto               ; Auto               ;
; SDC constraint protection                                                  ; Off                ; Off                ;
; Synthesis Effort                                                           ; Auto               ; Auto               ;
; Shift Register Replacement - Allow Asynchronous Clear Signal               ; On                 ; On                 ;
; Pre-Mapping Resynthesis Optimization                                       ; Off                ; Off                ;
; Analysis & Synthesis Message Level                                         ; Medium             ; Medium             ;
; Disable Register Merging Across Hierarchies                                ; Auto               ; Auto               ;
; Resource Aware Inference For Block RAM                                     ; On                 ; On                 ;
; Synthesis Seed                                                             ; 1                  ; 1                  ;
+----------------------------------------------------------------------------+--------------------+--------------------+


Parallel compilation was disabled, but you have multiple processors available. Enable parallel compilation to reduce compilation time.
+-------------------------------------+
; Parallel Compilation                ;
+----------------------------+--------+
; Processors                 ; Number ;
+----------------------------+--------+
; Number detected on machine ; 8      ;
; Maximum allowed            ; 1      ;
+----------------------------+--------+


+---------------------------------------------------------------------------------------------------------------------------------------------------------------------------------+
; Analysis & Synthesis Source Files Read                                                                                                                                          ;
+----------------------------------+-----------------+------------------------------------+-----------------------------------------------------------------------------+---------+
; File Name with User-Entered Path ; Used in Netlist ; File Type                          ; File Name with Absolute Path                                                ; Library ;
+----------------------------------+-----------------+------------------------------------+-----------------------------------------------------------------------------+---------+
; FA.bdf                           ; yes             ; User Block Diagram/Schematic File  ; C:/Users/v4ngbz/Documents/Quartus/DD2/Exercise4/Question1/FA.bdf            ;         ;
; Datapath.bdf                     ; yes             ; User Block Diagram/Schematic File  ; C:/Users/v4ngbz/Documents/Quartus/DD2/Exercise4/Question1/Datapath.bdf      ;         ;
; Register.bdf                     ; yes             ; User Block Diagram/Schematic File  ; C:/Users/v4ngbz/Documents/Quartus/DD2/Exercise4/Question1/Register.bdf      ;         ;
; LoaderShifter.bdf                ; yes             ; User Block Diagram/Schematic File  ; C:/Users/v4ngbz/Documents/Quartus/DD2/Exercise4/Question1/LoaderShifter.bdf ;         ;
; Adder8bit.bdf                    ; yes             ; User Block Diagram/Schematic File  ; C:/Users/v4ngbz/Documents/Quartus/DD2/Exercise4/Question1/Adder8bit.bdf     ;         ;
; ZFlag.bdf                        ; yes             ; User Block Diagram/Schematic File  ; C:/Users/v4ngbz/Documents/Quartus/DD2/Exercise4/Question1/ZFlag.bdf         ;         ;
; ControlUnit.bdf                  ; yes             ; User Block Diagram/Schematic File  ; C:/Users/v4ngbz/Documents/Quartus/DD2/Exercise4/Question1/ControlUnit.bdf   ;         ;
; Question1.bdf                    ; yes             ; User Block Diagram/Schematic File  ; C:/Users/v4ngbz/Documents/Quartus/DD2/Exercise4/Question1/Question1.bdf     ;         ;
; lpm_ff.tdf                       ; yes             ; Megafunction                       ; c:/altera/13.0sp1/quartus/libraries/megafunctions/lpm_ff.tdf                ;         ;
; lpm_constant.inc                 ; yes             ; Megafunction                       ; c:/altera/13.0sp1/quartus/libraries/megafunctions/lpm_constant.inc          ;         ;
; aglobal130.inc                   ; yes             ; Megafunction                       ; c:/altera/13.0sp1/quartus/libraries/megafunctions/aglobal130.inc            ;         ;
; 21mux.bdf                        ; yes             ; Megafunction                       ; c:/altera/13.0sp1/quartus/libraries/others/maxplus2/21mux.bdf               ;         ;
; busmux.tdf                       ; yes             ; Megafunction                       ; c:/altera/13.0sp1/quartus/libraries/megafunctions/busmux.tdf                ;         ;
; lpm_mux.inc                      ; yes             ; Megafunction                       ; c:/altera/13.0sp1/quartus/libraries/megafunctions/lpm_mux.inc               ;         ;
; lpm_mux.tdf                      ; yes             ; Megafunction                       ; c:/altera/13.0sp1/quartus/libraries/megafunctions/lpm_mux.tdf               ;         ;
; muxlut.inc                       ; yes             ; Megafunction                       ; c:/altera/13.0sp1/quartus/libraries/megafunctions/muxlut.inc                ;         ;
; bypassff.inc                     ; yes             ; Megafunction                       ; c:/altera/13.0sp1/quartus/libraries/megafunctions/bypassff.inc              ;         ;
; altshift.inc                     ; yes             ; Megafunction                       ; c:/altera/13.0sp1/quartus/libraries/megafunctions/altshift.inc              ;         ;
; db/mux_smc.tdf                   ; yes             ; Auto-Generated Megafunction        ; C:/Users/v4ngbz/Documents/Quartus/DD2/Exercise4/Question1/db/mux_smc.tdf    ;         ;
+----------------------------------+-----------------+------------------------------------+-----------------------------------------------------------------------------+---------+


+-----------------------------------------------------+
; Analysis & Synthesis Resource Usage Summary         ;
+---------------------------------------------+-------+
; Resource                                    ; Usage ;
+---------------------------------------------+-------+
; Estimated Total logic elements              ; 43    ;
;                                             ;       ;
; Total combinational functions               ; 42    ;
; Logic element usage by number of LUT inputs ;       ;
;     -- 4 input functions                    ; 22    ;
;     -- 3 input functions                    ; 17    ;
;     -- <=2 input functions                  ; 3     ;
;                                             ;       ;
; Logic elements by mode                      ;       ;
;     -- normal mode                          ; 42    ;
;     -- arithmetic mode                      ; 0     ;
;                                             ;       ;
; Total registers                             ; 19    ;
;     -- Dedicated logic registers            ; 19    ;
;     -- I/O registers                        ; 0     ;
;                                             ;       ;
; I/O pins                                    ; 45    ;
; Embedded Multiplier 9-bit elements          ; 0     ;
; Maximum fan-out node                        ; CLK   ;
; Maximum fan-out                             ; 19    ;
; Total fan-out                               ; 244   ;
; Average fan-out                             ; 2.30  ;
+---------------------------------------------+-------+


+----------------------------------------------------------------------------------------------------------------------------------------------------------------------------------------------------------------------------------------------------------------+
; Analysis & Synthesis Resource Utilization by Entity                                                                                                                                                                                                            ;
+-----------------------------------------+-------------------+--------------+-------------+--------------+---------+-----------+------+--------------+-------------------------------------------------------------------------------------------+--------------+
; Compilation Hierarchy Node              ; LC Combinationals ; LC Registers ; Memory Bits ; DSP Elements ; DSP 9x9 ; DSP 18x18 ; Pins ; Virtual Pins ; Full Hierarchy Name                                                                       ; Library Name ;
+-----------------------------------------+-------------------+--------------+-------------+--------------+---------+-----------+------+--------------+-------------------------------------------------------------------------------------------+--------------+
; |Question1                              ; 42 (0)            ; 19 (0)       ; 0           ; 0            ; 0       ; 0         ; 45   ; 0            ; |Question1                                                                                ; work         ;
;    |ControlUnit:inst|                   ; 6 (6)             ; 2 (2)        ; 0           ; 0            ; 0       ; 0         ; 0    ; 0            ; |Question1|ControlUnit:inst                                                               ; work         ;
;    |Datapath:inst1|                     ; 36 (0)            ; 17 (0)       ; 0           ; 0            ; 0       ; 0         ; 0    ; 0            ; |Question1|Datapath:inst1                                                                 ; work         ;
;       |Adder8bit:XYSum|                 ; 16 (0)            ; 0 (0)        ; 0           ; 0            ; 0       ; 0         ; 0    ; 0            ; |Question1|Datapath:inst1|Adder8bit:XYSum                                                 ; work         ;
;          |FA:inst2|                     ; 2 (2)             ; 0 (0)        ; 0           ; 0            ; 0       ; 0         ; 0    ; 0            ; |Question1|Datapath:inst1|Adder8bit:XYSum|FA:inst2                                        ; work         ;
;          |FA:inst3|                     ; 2 (2)             ; 0 (0)        ; 0           ; 0            ; 0       ; 0         ; 0    ; 0            ; |Question1|Datapath:inst1|Adder8bit:XYSum|FA:inst3                                        ; work         ;
;          |FA:inst4|                     ; 2 (2)             ; 0 (0)        ; 0           ; 0            ; 0       ; 0         ; 0    ; 0            ; |Question1|Datapath:inst1|Adder8bit:XYSum|FA:inst4                                        ; work         ;
;          |FA:inst5|                     ; 2 (2)             ; 0 (0)        ; 0           ; 0            ; 0       ; 0         ; 0    ; 0            ; |Question1|Datapath:inst1|Adder8bit:XYSum|FA:inst5                                        ; work         ;
;          |FA:inst6|                     ; 2 (2)             ; 0 (0)        ; 0           ; 0            ; 0       ; 0         ; 0    ; 0            ; |Question1|Datapath:inst1|Adder8bit:XYSum|FA:inst6                                        ; work         ;
;          |FA:inst7|                     ; 2 (2)             ; 0 (0)        ; 0           ; 0            ; 0       ; 0         ; 0    ; 0            ; |Question1|Datapath:inst1|Adder8bit:XYSum|FA:inst7                                        ; work         ;
;          |FA:inst8|                     ; 2 (2)             ; 0 (0)        ; 0           ; 0            ; 0       ; 0         ; 0    ; 0            ; |Question1|Datapath:inst1|Adder8bit:XYSum|FA:inst8                                        ; work         ;
;          |FA:inst|                      ; 2 (2)             ; 0 (0)        ; 0           ; 0            ; 0       ; 0         ; 0    ; 0            ; |Question1|Datapath:inst1|Adder8bit:XYSum|FA:inst                                         ; work         ;
;       |Register:RegX|                   ; 8 (0)             ; 8 (0)        ; 0           ; 0            ; 0       ; 0         ; 0    ; 0            ; |Question1|Datapath:inst1|Register:RegX                                                   ; work         ;
;          |busmux:mux8|                  ; 8 (0)             ; 0 (0)        ; 0           ; 0            ; 0       ; 0         ; 0    ; 0            ; |Question1|Datapath:inst1|Register:RegX|busmux:mux8                                       ; work         ;
;             |lpm_mux:$00000|            ; 8 (0)             ; 0 (0)        ; 0           ; 0            ; 0       ; 0         ; 0    ; 0            ; |Question1|Datapath:inst1|Register:RegX|busmux:mux8|lpm_mux:$00000                        ; work         ;
;                |mux_smc:auto_generated| ; 8 (8)             ; 0 (0)        ; 0           ; 0            ; 0       ; 0         ; 0    ; 0            ; |Question1|Datapath:inst1|Register:RegX|busmux:mux8|lpm_mux:$00000|mux_smc:auto_generated ; work         ;
;          |lpm_ff:ff8|                   ; 0 (0)             ; 8 (8)        ; 0           ; 0            ; 0       ; 0         ; 0    ; 0            ; |Question1|Datapath:inst1|Register:RegX|lpm_ff:ff8                                        ; work         ;
;       |Register:RegY|                   ; 8 (0)             ; 8 (0)        ; 0           ; 0            ; 0       ; 0         ; 0    ; 0            ; |Question1|Datapath:inst1|Register:RegY                                                   ; work         ;
;          |LoaderShifter:lsmux|          ; 8 (0)             ; 0 (0)        ; 0           ; 0            ; 0       ; 0         ; 0    ; 0            ; |Question1|Datapath:inst1|Register:RegY|LoaderShifter:lsmux                               ; work         ;
;             |21mux:mux0|                ; 1 (1)             ; 0 (0)        ; 0           ; 0            ; 0       ; 0         ; 0    ; 0            ; |Question1|Datapath:inst1|Register:RegY|LoaderShifter:lsmux|21mux:mux0                    ; work         ;
;             |21mux:mux1|                ; 1 (1)             ; 0 (0)        ; 0           ; 0            ; 0       ; 0         ; 0    ; 0            ; |Question1|Datapath:inst1|Register:RegY|LoaderShifter:lsmux|21mux:mux1                    ; work         ;
;             |21mux:mux2|                ; 1 (1)             ; 0 (0)        ; 0           ; 0            ; 0       ; 0         ; 0    ; 0            ; |Question1|Datapath:inst1|Register:RegY|LoaderShifter:lsmux|21mux:mux2                    ; work         ;
;             |21mux:mux3|                ; 1 (1)             ; 0 (0)        ; 0           ; 0            ; 0       ; 0         ; 0    ; 0            ; |Question1|Datapath:inst1|Register:RegY|LoaderShifter:lsmux|21mux:mux3                    ; work         ;
;             |21mux:mux4|                ; 1 (1)             ; 0 (0)        ; 0           ; 0            ; 0       ; 0         ; 0    ; 0            ; |Question1|Datapath:inst1|Register:RegY|LoaderShifter:lsmux|21mux:mux4                    ; work         ;
;             |21mux:mux5|                ; 1 (1)             ; 0 (0)        ; 0           ; 0            ; 0       ; 0         ; 0    ; 0            ; |Question1|Datapath:inst1|Register:RegY|LoaderShifter:lsmux|21mux:mux5                    ; work         ;
;             |21mux:mux6|                ; 1 (1)             ; 0 (0)        ; 0           ; 0            ; 0       ; 0         ; 0    ; 0            ; |Question1|Datapath:inst1|Register:RegY|LoaderShifter:lsmux|21mux:mux6                    ; work         ;
;             |21mux:mux7|                ; 1 (1)             ; 0 (0)        ; 0           ; 0            ; 0       ; 0         ; 0    ; 0            ; |Question1|Datapath:inst1|Register:RegY|LoaderShifter:lsmux|21mux:mux7                    ; work         ;
;          |lpm_ff:ff8|                   ; 0 (0)             ; 8 (8)        ; 0           ; 0            ; 0       ; 0         ; 0    ; 0            ; |Question1|Datapath:inst1|Register:RegY|lpm_ff:ff8                                        ; work         ;
;       |ZFlag:zflag|                     ; 4 (4)             ; 1 (1)        ; 0           ; 0            ; 0       ; 0         ; 0    ; 0            ; |Question1|Datapath:inst1|ZFlag:zflag                                                     ; work         ;
+-----------------------------------------+-------------------+--------------+-------------+--------------+---------+-----------+------+--------------+-------------------------------------------------------------------------------------------+--------------+
Note: For table entries with two numbers listed, the numbers in parentheses indicate the number of resources of the given type used by the specific entity alone. The numbers listed outside of parentheses indicate the total resources of the given type used by the specific entity and all of its sub-entities in the hierarchy.


+------------------------------------------------------+
; General Register Statistics                          ;
+----------------------------------------------+-------+
; Statistic                                    ; Value ;
+----------------------------------------------+-------+
; Total registers                              ; 19    ;
; Number of registers using Synchronous Clear  ; 0     ;
; Number of registers using Synchronous Load   ; 0     ;
; Number of registers using Asynchronous Clear ; 19    ;
; Number of registers using Asynchronous Load  ; 0     ;
; Number of registers using Clock Enable       ; 16    ;
; Number of registers using Preset             ; 0     ;
+----------------------------------------------+-------+


+--------------------------------------------------------------------------------------+
; Parameter Settings for User Entity Instance: Datapath:inst1|Register:RegY|LPM_FF:ff8 ;
+------------------------+------------+------------------------------------------------+
; Parameter Name         ; Value      ; Type                                           ;
+------------------------+------------+------------------------------------------------+
; LPM_WIDTH              ; 8          ; Untyped                                        ;
; LPM_AVALUE             ; UNUSED     ; Untyped                                        ;
; LPM_SVALUE             ; UNUSED     ; Untyped                                        ;
; LPM_FFTYPE             ; DFF        ; Untyped                                        ;
; DEVICE_FAMILY          ; Cyclone II ; Untyped                                        ;
; CBXI_PARAMETER         ; NOTHING    ; Untyped                                        ;
; AUTO_CARRY_CHAINS      ; ON         ; AUTO_CARRY                                     ;
; IGNORE_CARRY_BUFFERS   ; OFF        ; IGNORE_CARRY                                   ;
; AUTO_CASCADE_CHAINS    ; ON         ; AUTO_CASCADE                                   ;
; IGNORE_CASCADE_BUFFERS ; OFF        ; IGNORE_CASCADE                                 ;
+------------------------+------------+------------------------------------------------+
Note: In order to hide this table in the UI and the text report file, please set the "Show Parameter Settings in Synthesis Report" option in "Analysis and Synthesis Settings -> More Settings" to "Off".


+---------------------------------------------------------------------------------------+
; Parameter Settings for User Entity Instance: Datapath:inst1|Register:RegY|BUSMUX:mux8 ;
+----------------+-------+--------------------------------------------------------------+
; Parameter Name ; Value ; Type                                                         ;
+----------------+-------+--------------------------------------------------------------+
; WIDTH          ; 8     ; Untyped                                                      ;
+----------------+-------+--------------------------------------------------------------+
Note: In order to hide this table in the UI and the text report file, please set the "Show Parameter Settings in Synthesis Report" option in "Analysis and Synthesis Settings -> More Settings" to "Off".


+--------------------------------------------------------------------------------------+
; Parameter Settings for User Entity Instance: Datapath:inst1|Register:RegX|LPM_FF:ff8 ;
+------------------------+------------+------------------------------------------------+
; Parameter Name         ; Value      ; Type                                           ;
+------------------------+------------+------------------------------------------------+
; LPM_WIDTH              ; 8          ; Untyped                                        ;
; LPM_AVALUE             ; UNUSED     ; Untyped                                        ;
; LPM_SVALUE             ; UNUSED     ; Untyped                                        ;
; LPM_FFTYPE             ; DFF        ; Untyped                                        ;
; DEVICE_FAMILY          ; Cyclone II ; Untyped                                        ;
; CBXI_PARAMETER         ; NOTHING    ; Untyped                                        ;
; AUTO_CARRY_CHAINS      ; ON         ; AUTO_CARRY                                     ;
; IGNORE_CARRY_BUFFERS   ; OFF        ; IGNORE_CARRY                                   ;
; AUTO_CASCADE_CHAINS    ; ON         ; AUTO_CASCADE                                   ;
; IGNORE_CASCADE_BUFFERS ; OFF        ; IGNORE_CASCADE                                 ;
+------------------------+------------+------------------------------------------------+
Note: In order to hide this table in the UI and the text report file, please set the "Show Parameter Settings in Synthesis Report" option in "Analysis and Synthesis Settings -> More Settings" to "Off".


+---------------------------------------------------------------------------------------+
; Parameter Settings for User Entity Instance: Datapath:inst1|Register:RegX|BUSMUX:mux8 ;
+----------------+-------+--------------------------------------------------------------+
; Parameter Name ; Value ; Type                                                         ;
+----------------+-------+--------------------------------------------------------------+
; WIDTH          ; 8     ; Untyped                                                      ;
+----------------+-------+--------------------------------------------------------------+
Note: In order to hide this table in the UI and the text report file, please set the "Show Parameter Settings in Synthesis Report" option in "Analysis and Synthesis Settings -> More Settings" to "Off".


+-------------------------------+
; Elapsed Time Per Partition    ;
+----------------+--------------+
; Partition Name ; Elapsed Time ;
+----------------+--------------+
; Top            ; 00:00:00     ;
+----------------+--------------+


+-------------------------------+
; Analysis & Synthesis Messages ;
+-------------------------------+
Info: *******************************************************************
Info: Running Quartus II 64-Bit Analysis & Synthesis
    Info: Version 13.0.1 Build 232 06/12/2013 Service Pack 1 SJ Web Edition
    Info: Processing started: Sun Mar 27 13:59:46 2022
Info: Command: quartus_map --read_settings_files=on --write_settings_files=off Question1 -c Question1
Warning (20028): Parallel compilation is not licensed and has been disabled
Info (12021): Found 1 design units, including 1 entities, in source file fa.bdf
    Info (12023): Found entity 1: FA
Info (12021): Found 1 design units, including 1 entities, in source file datapath.bdf
    Info (12023): Found entity 1: Datapath
Info (12021): Found 1 design units, including 1 entities, in source file register.bdf
    Info (12023): Found entity 1: Register
Info (12021): Found 1 design units, including 1 entities, in source file loadershifter.bdf
    Info (12023): Found entity 1: LoaderShifter
Info (12021): Found 1 design units, including 1 entities, in source file adder8bit.bdf
    Info (12023): Found entity 1: Adder8bit
Info (12021): Found 1 design units, including 1 entities, in source file zflag.bdf
    Info (12023): Found entity 1: ZFlag
Info (12021): Found 1 design units, including 1 entities, in source file controlunit.bdf
    Info (12023): Found entity 1: ControlUnit
Info (12021): Found 1 design units, including 1 entities, in source file question1.bdf
    Info (12023): Found entity 1: Question1
Info (12127): Elaborating entity "Question1" for the top level hierarchy
Info (12128): Elaborating entity "ControlUnit" for hierarchy "ControlUnit:inst"
Info (12128): Elaborating entity "Datapath" for hierarchy "Datapath:inst1"
Info (12128): Elaborating entity "ZFlag" for hierarchy "Datapath:inst1|ZFlag:zflag"
Info (12128): Elaborating entity "Adder8bit" for hierarchy "Datapath:inst1|Adder8bit:XYSum"
Info (12128): Elaborating entity "FA" for hierarchy "Datapath:inst1|Adder8bit:XYSum|FA:inst"
Info (12128): Elaborating entity "Register" for hierarchy "Datapath:inst1|Register:RegY"
Info (12128): Elaborating entity "LPM_FF" for hierarchy "Datapath:inst1|Register:RegY|LPM_FF:ff8"
Info (12130): Elaborated megafunction instantiation "Datapath:inst1|Register:RegY|LPM_FF:ff8"
Info (12133): Instantiated megafunction "Datapath:inst1|Register:RegY|LPM_FF:ff8" with the following parameter:
    Info (12134): Parameter "LPM_FFTYPE" = "DFF"
    Info (12134): Parameter "LPM_WIDTH" = "8"
Info (12128): Elaborating entity "LoaderShifter" for hierarchy "Datapath:inst1|Register:RegY|LoaderShifter:lsmux"
Info (12128): Elaborating entity "21mux" for hierarchy "Datapath:inst1|Register:RegY|LoaderShifter:lsmux|21mux:mux7"
Info (12130): Elaborated megafunction instantiation "Datapath:inst1|Register:RegY|LoaderShifter:lsmux|21mux:mux7"
Info (12128): Elaborating entity "BUSMUX" for hierarchy "Datapath:inst1|Register:RegY|BUSMUX:mux8"
Info (12130): Elaborated megafunction instantiation "Datapath:inst1|Register:RegY|BUSMUX:mux8"
Info (12133): Instantiated megafunction "Datapath:inst1|Register:RegY|BUSMUX:mux8" with the following parameter:
    Info (12134): Parameter "WIDTH" = "8"
Info (12128): Elaborating entity "lpm_mux" for hierarchy "Datapath:inst1|Register:RegY|BUSMUX:mux8|lpm_mux:$00000"
Info (12131): Elaborated megafunction instantiation "Datapath:inst1|Register:RegY|BUSMUX:mux8|lpm_mux:$00000", which is child of megafunction instantiation "Datapath:inst1|Register:RegY|BUSMUX:mux8"
Info (12021): Found 1 design units, including 1 entities, in source file db/mux_smc.tdf
    Info (12023): Found entity 1: mux_smc
Info (12128): Elaborating entity "mux_smc" for hierarchy "Datapath:inst1|Register:RegY|BUSMUX:mux8|lpm_mux:$00000|mux_smc:auto_generated"
Info (16010): Generating hard_block partition "hard_block:auto_generated_inst"
    Info (16011): Adding 0 node(s), including 0 DDIO, 0 PLL, 0 transceiver and 0 LCELL
Info (21057): Implemented 88 device resources after synthesis - the final resource count might be different
    Info (21058): Implemented 19 input pins
    Info (21059): Implemented 26 output pins
    Info (21061): Implemented 43 logic cells
Info: Quartus II 64-Bit Analysis & Synthesis was successful. 0 errors, 1 warning
    Info: Peak virtual memory: 4601 megabytes
    Info: Processing ended: Sun Mar 27 13:59:48 2022
    Info: Elapsed time: 00:00:02
    Info: Total CPU time (on all processors): 00:00:02


