Analysis & Synthesis report for Question1
Fri May 20 12:08:14 2022
Quartus II 64-Bit Version 13.0.1 Build 232 06/12/2013 Service Pack 1 SJ Web Edition


---------------------
; Table of Contents ;
---------------------
  1. Legal Notice
  2. Analysis & Synthesis Summary
  3. Analysis & Synthesis Settings
  4. Parallel Compilation
  5. Analysis & Synthesis Source Files Read
  6. Analysis & Synthesis Resource Usage Summary
  7. Analysis & Synthesis Resource Utilization by Entity
  8. Analysis & Synthesis RAM Summary
  9. Analysis & Synthesis IP Cores Summary
 10. State Machine - |Sorterbdf|NewLCD:inst3|LCD_Display:inst|next_command
 11. State Machine - |Sorterbdf|NewLCD:inst3|LCD_Display:inst|state
 12. State Machine - |Sorterbdf|BubbleSort:inst7|state
 13. Registers Removed During Synthesis
 14. General Register Statistics
 15. Inverted Register Statistics
 16. Multiplexer Restructuring Statistics (Restructuring Performed)
 17. Source assignments for RAM32x8:inst1|altsyncram:altsyncram_component|altsyncram_8qc1:auto_generated
 18. Source assignments for NewLCD:inst3|lpm_rom0:inst1|altsyncram:altsyncram_component|altsyncram_7f71:auto_generated
 19. Parameter Settings for User Entity Instance: RAM32x8:inst1|altsyncram:altsyncram_component
 20. Parameter Settings for User Entity Instance: BUSMUX:inst2
 21. Parameter Settings for User Entity Instance: lpm_counter0:inst|lpm_counter:LPM_COUNTER_component
 22. Parameter Settings for User Entity Instance: NewLCD:inst3|LCD_Display:inst
 23. Parameter Settings for User Entity Instance: NewLCD:inst3|lpm_rom0:inst1|altsyncram:altsyncram_component
 24. Parameter Settings for User Entity Instance: LPM_FF:inst5
 25. altsyncram Parameter Settings by Entity Instance
 26. Elapsed Time Per Partition
 27. Analysis & Synthesis Messages



----------------
; Legal Notice ;
----------------
Copyright (C) 1991-2013 Altera Corporation
Your use of Altera Corporation's design tools, logic functions 
and other software and tools, and its AMPP partner logic 
functions, and any output files from any of the foregoing 
(including device programming or simulation files), and any 
associated documentation or information are expressly subject 
to the terms and conditions of the Altera Program License 
Subscription Agreement, Altera MegaCore Function License 
Agreement, or other applicable license agreement, including, 
without limitation, that your use is for the sole purpose of 
programming logic devices manufactured by Altera and sold by 
Altera or its authorized distributors.  Please refer to the 
applicable agreement for further details.



+--------------------------------------------------------------------------------------+
; Analysis & Synthesis Summary                                                         ;
+------------------------------------+-------------------------------------------------+
; Analysis & Synthesis Status        ; Successful - Fri May 20 12:08:14 2022           ;
; Quartus II 64-Bit Version          ; 13.0.1 Build 232 06/12/2013 SP 1 SJ Web Edition ;
; Revision Name                      ; Question1                                       ;
; Top-level Entity Name              ; Sorterbdf                                       ;
; Family                             ; Cyclone II                                      ;
; Total logic elements               ; 189                                             ;
;     Total combinational functions  ; 167                                             ;
;     Dedicated logic registers      ; 105                                             ;
; Total registers                    ; 105                                             ;
; Total pins                         ; 26                                              ;
; Total virtual pins                 ; 0                                               ;
; Total memory bits                  ; 512                                             ;
; Embedded Multiplier 9-bit elements ; 0                                               ;
; Total PLLs                         ; 0                                               ;
+------------------------------------+-------------------------------------------------+


+----------------------------------------------------------------------------------------------------------------------+
; Analysis & Synthesis Settings                                                                                        ;
+----------------------------------------------------------------------------+--------------------+--------------------+
; Option                                                                     ; Setting            ; Default Value      ;
+----------------------------------------------------------------------------+--------------------+--------------------+
; Device                                                                     ; EP2C35F672C6       ;                    ;
; Top-level entity name                                                      ; Sorterbdf          ; Question1          ;
; Family name                                                                ; Cyclone II         ; Cyclone IV GX      ;
; VHDL Show LMF Mapping Messages                                             ; Off                ;                    ;
; VHDL Version                                                               ; VHDL_2008          ; VHDL_1993          ;
; Use smart compilation                                                      ; Off                ; Off                ;
; Enable parallel Assembler and TimeQuest Timing Analyzer during compilation ; On                 ; On                 ;
; Enable compact report table                                                ; Off                ; Off                ;
; Restructure Multiplexers                                                   ; Auto               ; Auto               ;
; Create Debugging Nodes for IP Cores                                        ; Off                ; Off                ;
; Preserve fewer node names                                                  ; On                 ; On                 ;
; Disable OpenCore Plus hardware evaluation                                  ; Off                ; Off                ;
; Verilog Version                                                            ; Verilog_2001       ; Verilog_2001       ;
; State Machine Processing                                                   ; Auto               ; Auto               ;
; Safe State Machine                                                         ; Off                ; Off                ;
; Extract Verilog State Machines                                             ; On                 ; On                 ;
; Extract VHDL State Machines                                                ; On                 ; On                 ;
; Ignore Verilog initial constructs                                          ; Off                ; Off                ;
; Iteration limit for constant Verilog loops                                 ; 5000               ; 5000               ;
; Iteration limit for non-constant Verilog loops                             ; 250                ; 250                ;
; Add Pass-Through Logic to Inferred RAMs                                    ; On                 ; On                 ;
; Infer RAMs from Raw Logic                                                  ; On                 ; On                 ;
; Parallel Synthesis                                                         ; On                 ; On                 ;
; DSP Block Balancing                                                        ; Auto               ; Auto               ;
; NOT Gate Push-Back                                                         ; On                 ; On                 ;
; Power-Up Don't Care                                                        ; On                 ; On                 ;
; Remove Redundant Logic Cells                                               ; Off                ; Off                ;
; Remove Duplicate Registers                                                 ; On                 ; On                 ;
; Ignore CARRY Buffers                                                       ; Off                ; Off                ;
; Ignore CASCADE Buffers                                                     ; Off                ; Off                ;
; Ignore GLOBAL Buffers                                                      ; Off                ; Off                ;
; Ignore ROW GLOBAL Buffers                                                  ; Off                ; Off                ;
; Ignore LCELL Buffers                                                       ; Off                ; Off                ;
; Ignore SOFT Buffers                                                        ; On                 ; On                 ;
; Limit AHDL Integers to 32 Bits                                             ; Off                ; Off                ;
; Optimization Technique                                                     ; Balanced           ; Balanced           ;
; Carry Chain Length                                                         ; 70                 ; 70                 ;
; Auto Carry Chains                                                          ; On                 ; On                 ;
; Auto Open-Drain Pins                                                       ; On                 ; On                 ;
; Perform WYSIWYG Primitive Resynthesis                                      ; Off                ; Off                ;
; Auto ROM Replacement                                                       ; On                 ; On                 ;
; Auto RAM Replacement                                                       ; On                 ; On                 ;
; Auto Shift Register Replacement                                            ; Auto               ; Auto               ;
; Allow Shift Register Merging across Hierarchies                            ; Auto               ; Auto               ;
; Auto Clock Enable Replacement                                              ; On                 ; On                 ;
; Strict RAM Replacement                                                     ; Off                ; Off                ;
; Allow Synchronous Control Signals                                          ; On                 ; On                 ;
; Force Use of Synchronous Clear Signals                                     ; Off                ; Off                ;
; Auto RAM to Logic Cell Conversion                                          ; Off                ; Off                ;
; Auto Resource Sharing                                                      ; Off                ; Off                ;
; Allow Any RAM Size For Recognition                                         ; Off                ; Off                ;
; Allow Any ROM Size For Recognition                                         ; Off                ; Off                ;
; Allow Any Shift Register Size For Recognition                              ; Off                ; Off                ;
; Use LogicLock Constraints during Resource Balancing                        ; On                 ; On                 ;
; Ignore translate_off and synthesis_off directives                          ; Off                ; Off                ;
; Timing-Driven Synthesis                                                    ; Off                ; Off                ;
; Report Parameter Settings                                                  ; On                 ; On                 ;
; Report Source Assignments                                                  ; On                 ; On                 ;
; Report Connectivity Checks                                                 ; On                 ; On                 ;
; Ignore Maximum Fan-Out Assignments                                         ; Off                ; Off                ;
; Synchronization Register Chain Length                                      ; 2                  ; 2                  ;
; PowerPlay Power Optimization                                               ; Normal compilation ; Normal compilation ;
; HDL message level                                                          ; Level2             ; Level2             ;
; Suppress Register Optimization Related Messages                            ; Off                ; Off                ;
; Number of Removed Registers Reported in Synthesis Report                   ; 5000               ; 5000               ;
; Number of Swept Nodes Reported in Synthesis Report                         ; 5000               ; 5000               ;
; Number of Inverted Registers Reported in Synthesis Report                  ; 100                ; 100                ;
; Clock MUX Protection                                                       ; On                 ; On                 ;
; Auto Gated Clock Conversion                                                ; Off                ; Off                ;
; Block Design Naming                                                        ; Auto               ; Auto               ;
; SDC constraint protection                                                  ; Off                ; Off                ;
; Synthesis Effort                                                           ; Auto               ; Auto               ;
; Shift Register Replacement - Allow Asynchronous Clear Signal               ; On                 ; On                 ;
; Pre-Mapping Resynthesis Optimization                                       ; Off                ; Off                ;
; Analysis & Synthesis Message Level                                         ; Medium             ; Medium             ;
; Disable Register Merging Across Hierarchies                                ; Auto               ; Auto               ;
; Resource Aware Inference For Block RAM                                     ; On                 ; On                 ;
; Synthesis Seed                                                             ; 1                  ; 1                  ;
+----------------------------------------------------------------------------+--------------------+--------------------+


Parallel compilation was disabled, but you have multiple processors available. Enable parallel compilation to reduce compilation time.
+-------------------------------------+
; Parallel Compilation                ;
+----------------------------+--------+
; Processors                 ; Number ;
+----------------------------+--------+
; Number detected on machine ; 8      ;
; Maximum allowed            ; 1      ;
+----------------------------+--------+


+--------------------------------------------------------------------------------------------------------------------------------------------------------------------------------------------+
; Analysis & Synthesis Source Files Read                                                                                                                                                     ;
+----------------------------------+-----------------+------------------------------------------+----------------------------------------------------------------------------------+---------+
; File Name with User-Entered Path ; Used in Netlist ; File Type                                ; File Name with Absolute Path                                                     ; Library ;
+----------------------------------+-----------------+------------------------------------------+----------------------------------------------------------------------------------+---------+
; RAM32x8.vhd                      ; yes             ; User Wizard-Generated File               ; C:/Users/v4ngbz/Documents/Quartus/DD2/Exercise7/Question1/RAM32x8.vhd            ;         ;
; RAM32x8.mif                      ; yes             ; User Memory Initialization File          ; C:/Users/v4ngbz/Documents/Quartus/DD2/Exercise7/Question1/RAM32x8.mif            ;         ;
; BubbleSort.vhd                   ; yes             ; User VHDL File                           ; C:/Users/v4ngbz/Documents/Quartus/DD2/Exercise7/Question1/BubbleSort.vhd         ;         ;
; Sorterbdf.bdf                    ; yes             ; User Block Diagram/Schematic File        ; C:/Users/v4ngbz/Documents/Quartus/DD2/Exercise7/Question1/Sorterbdf.bdf          ;         ;
; Rom.hex                          ; yes             ; User Hexadecimal (Intel-Format) File     ; C:/Users/v4ngbz/Documents/Quartus/DD2/Exercise7/Question1/Rom.hex                ;         ;
; altsyncram.tdf                   ; yes             ; Megafunction                             ; c:/altera/13.0sp1/quartus/libraries/megafunctions/altsyncram.tdf                 ;         ;
; stratix_ram_block.inc            ; yes             ; Megafunction                             ; c:/altera/13.0sp1/quartus/libraries/megafunctions/stratix_ram_block.inc          ;         ;
; lpm_mux.inc                      ; yes             ; Megafunction                             ; c:/altera/13.0sp1/quartus/libraries/megafunctions/lpm_mux.inc                    ;         ;
; lpm_decode.inc                   ; yes             ; Megafunction                             ; c:/altera/13.0sp1/quartus/libraries/megafunctions/lpm_decode.inc                 ;         ;
; aglobal130.inc                   ; yes             ; Megafunction                             ; c:/altera/13.0sp1/quartus/libraries/megafunctions/aglobal130.inc                 ;         ;
; a_rdenreg.inc                    ; yes             ; Megafunction                             ; c:/altera/13.0sp1/quartus/libraries/megafunctions/a_rdenreg.inc                  ;         ;
; altrom.inc                       ; yes             ; Megafunction                             ; c:/altera/13.0sp1/quartus/libraries/megafunctions/altrom.inc                     ;         ;
; altram.inc                       ; yes             ; Megafunction                             ; c:/altera/13.0sp1/quartus/libraries/megafunctions/altram.inc                     ;         ;
; altdpram.inc                     ; yes             ; Megafunction                             ; c:/altera/13.0sp1/quartus/libraries/megafunctions/altdpram.inc                   ;         ;
; db/altsyncram_8qc1.tdf           ; yes             ; Auto-Generated Megafunction              ; C:/Users/v4ngbz/Documents/Quartus/DD2/Exercise7/Question1/db/altsyncram_8qc1.tdf ;         ;
; busmux.tdf                       ; yes             ; Megafunction                             ; c:/altera/13.0sp1/quartus/libraries/megafunctions/busmux.tdf                     ;         ;
; lpm_mux.tdf                      ; yes             ; Megafunction                             ; c:/altera/13.0sp1/quartus/libraries/megafunctions/lpm_mux.tdf                    ;         ;
; muxlut.inc                       ; yes             ; Megafunction                             ; c:/altera/13.0sp1/quartus/libraries/megafunctions/muxlut.inc                     ;         ;
; bypassff.inc                     ; yes             ; Megafunction                             ; c:/altera/13.0sp1/quartus/libraries/megafunctions/bypassff.inc                   ;         ;
; altshift.inc                     ; yes             ; Megafunction                             ; c:/altera/13.0sp1/quartus/libraries/megafunctions/altshift.inc                   ;         ;
; db/mux_pmc.tdf                   ; yes             ; Auto-Generated Megafunction              ; C:/Users/v4ngbz/Documents/Quartus/DD2/Exercise7/Question1/db/mux_pmc.tdf         ;         ;
; lpm_counter0.vhd                 ; yes             ; Auto-Found Wizard-Generated File         ; C:/Users/v4ngbz/Documents/Quartus/DD2/Exercise7/Question1/lpm_counter0.vhd       ;         ;
; lpm_counter.tdf                  ; yes             ; Megafunction                             ; c:/altera/13.0sp1/quartus/libraries/megafunctions/lpm_counter.tdf                ;         ;
; lpm_constant.inc                 ; yes             ; Megafunction                             ; c:/altera/13.0sp1/quartus/libraries/megafunctions/lpm_constant.inc               ;         ;
; lpm_add_sub.inc                  ; yes             ; Megafunction                             ; c:/altera/13.0sp1/quartus/libraries/megafunctions/lpm_add_sub.inc                ;         ;
; cmpconst.inc                     ; yes             ; Megafunction                             ; c:/altera/13.0sp1/quartus/libraries/megafunctions/cmpconst.inc                   ;         ;
; lpm_compare.inc                  ; yes             ; Megafunction                             ; c:/altera/13.0sp1/quartus/libraries/megafunctions/lpm_compare.inc                ;         ;
; lpm_counter.inc                  ; yes             ; Megafunction                             ; c:/altera/13.0sp1/quartus/libraries/megafunctions/lpm_counter.inc                ;         ;
; dffeea.inc                       ; yes             ; Megafunction                             ; c:/altera/13.0sp1/quartus/libraries/megafunctions/dffeea.inc                     ;         ;
; alt_counter_stratix.inc          ; yes             ; Megafunction                             ; c:/altera/13.0sp1/quartus/libraries/megafunctions/alt_counter_stratix.inc        ;         ;
; db/cntr_7ni.tdf                  ; yes             ; Auto-Generated Megafunction              ; C:/Users/v4ngbz/Documents/Quartus/DD2/Exercise7/Question1/db/cntr_7ni.tdf        ;         ;
; newlcd.bdf                       ; yes             ; Auto-Found Block Diagram/Schematic File  ; c:/users/v4ngbz/documents/quartus/libraries/corelibrary/newlcd.bdf               ;         ;
; lcd_display.vhd                  ; yes             ; Auto-Found VHDL File                     ; c:/users/v4ngbz/documents/quartus/libraries/corelibrary/lcd_display.vhd          ;         ;
; lpm_rom0.vhd                     ; yes             ; Auto-Found Wizard-Generated File         ; c:/users/v4ngbz/documents/quartus/libraries/corelibrary/lpm_rom0.vhd             ;         ;
; db/altsyncram_7f71.tdf           ; yes             ; Auto-Generated Megafunction              ; C:/Users/v4ngbz/Documents/Quartus/DD2/Exercise7/Question1/db/altsyncram_7f71.tdf ;         ;
; lpm_ff.tdf                       ; yes             ; Megafunction                             ; c:/altera/13.0sp1/quartus/libraries/megafunctions/lpm_ff.tdf                     ;         ;
+----------------------------------+-----------------+------------------------------------------+----------------------------------------------------------------------------------+---------+


+------------------------------------------------------+
; Analysis & Synthesis Resource Usage Summary          ;
+---------------------------------------------+--------+
; Resource                                    ; Usage  ;
+---------------------------------------------+--------+
; Estimated Total logic elements              ; 189    ;
;                                             ;        ;
; Total combinational functions               ; 167    ;
; Logic element usage by number of LUT inputs ;        ;
;     -- 4 input functions                    ; 78     ;
;     -- 3 input functions                    ; 34     ;
;     -- <=2 input functions                  ; 55     ;
;                                             ;        ;
; Logic elements by mode                      ;        ;
;     -- normal mode                          ; 129    ;
;     -- arithmetic mode                      ; 38     ;
;                                             ;        ;
; Total registers                             ; 105    ;
;     -- Dedicated logic registers            ; 105    ;
;     -- I/O registers                        ; 0      ;
;                                             ;        ;
; I/O pins                                    ; 26     ;
; Total memory bits                           ; 512    ;
; Embedded Multiplier 9-bit elements          ; 0      ;
; Maximum fan-out node                        ; reset~ ;
; Maximum fan-out                             ; 59     ;
; Total fan-out                               ; 981    ;
; Average fan-out                             ; 3.12   ;
+---------------------------------------------+--------+


+---------------------------------------------------------------------------------------------------------------------------------------------------------------------------------------------------------------------------------------------------------------------------------+
; Analysis & Synthesis Resource Utilization by Entity                                                                                                                                                                                                                             ;
+----------------------------------------------+-------------------+--------------+-------------+--------------+---------+-----------+------+--------------+-------------------------------------------------------------------------------------------------------+--------------+
; Compilation Hierarchy Node                   ; LC Combinationals ; LC Registers ; Memory Bits ; DSP Elements ; DSP 9x9 ; DSP 18x18 ; Pins ; Virtual Pins ; Full Hierarchy Name                                                                                   ; Library Name ;
+----------------------------------------------+-------------------+--------------+-------------+--------------+---------+-----------+------+--------------+-------------------------------------------------------------------------------------------------------+--------------+
; |Sorterbdf                                   ; 167 (0)           ; 105 (0)      ; 512         ; 0            ; 0       ; 0         ; 26   ; 0            ; |Sorterbdf                                                                                            ; work         ;
;    |BubbleSort:inst7|                        ; 45 (45)           ; 35 (35)      ; 0           ; 0            ; 0       ; 0         ; 0    ; 0            ; |Sorterbdf|BubbleSort:inst7                                                                           ; work         ;
;    |NewLCD:inst3|                            ; 112 (0)           ; 60 (0)       ; 256         ; 0            ; 0       ; 0         ; 0    ; 0            ; |Sorterbdf|NewLCD:inst3                                                                               ; work         ;
;       |LCD_Display:inst|                     ; 112 (112)         ; 60 (60)      ; 0           ; 0            ; 0       ; 0         ; 0    ; 0            ; |Sorterbdf|NewLCD:inst3|LCD_Display:inst                                                              ; work         ;
;       |lpm_rom0:inst1|                       ; 0 (0)             ; 0 (0)        ; 256         ; 0            ; 0       ; 0         ; 0    ; 0            ; |Sorterbdf|NewLCD:inst3|lpm_rom0:inst1                                                                ; work         ;
;          |altsyncram:altsyncram_component|   ; 0 (0)             ; 0 (0)        ; 256         ; 0            ; 0       ; 0         ; 0    ; 0            ; |Sorterbdf|NewLCD:inst3|lpm_rom0:inst1|altsyncram:altsyncram_component                                ; work         ;
;             |altsyncram_7f71:auto_generated| ; 0 (0)             ; 0 (0)        ; 256         ; 0            ; 0       ; 0         ; 0    ; 0            ; |Sorterbdf|NewLCD:inst3|lpm_rom0:inst1|altsyncram:altsyncram_component|altsyncram_7f71:auto_generated ; work         ;
;    |RAM32x8:inst1|                           ; 0 (0)             ; 0 (0)        ; 256         ; 0            ; 0       ; 0         ; 0    ; 0            ; |Sorterbdf|RAM32x8:inst1                                                                              ; work         ;
;       |altsyncram:altsyncram_component|      ; 0 (0)             ; 0 (0)        ; 256         ; 0            ; 0       ; 0         ; 0    ; 0            ; |Sorterbdf|RAM32x8:inst1|altsyncram:altsyncram_component                                              ; work         ;
;          |altsyncram_8qc1:auto_generated|    ; 0 (0)             ; 0 (0)        ; 256         ; 0            ; 0       ; 0         ; 0    ; 0            ; |Sorterbdf|RAM32x8:inst1|altsyncram:altsyncram_component|altsyncram_8qc1:auto_generated               ; work         ;
;    |busmux:inst2|                            ; 5 (0)             ; 0 (0)        ; 0           ; 0            ; 0       ; 0         ; 0    ; 0            ; |Sorterbdf|busmux:inst2                                                                               ; work         ;
;       |lpm_mux:$00000|                       ; 5 (0)             ; 0 (0)        ; 0           ; 0            ; 0       ; 0         ; 0    ; 0            ; |Sorterbdf|busmux:inst2|lpm_mux:$00000                                                                ; work         ;
;          |mux_pmc:auto_generated|            ; 5 (5)             ; 0 (0)        ; 0           ; 0            ; 0       ; 0         ; 0    ; 0            ; |Sorterbdf|busmux:inst2|lpm_mux:$00000|mux_pmc:auto_generated                                         ; work         ;
;    |lpm_counter0:inst|                       ; 5 (0)             ; 5 (0)        ; 0           ; 0            ; 0       ; 0         ; 0    ; 0            ; |Sorterbdf|lpm_counter0:inst                                                                          ; work         ;
;       |lpm_counter:LPM_COUNTER_component|    ; 5 (0)             ; 5 (0)        ; 0           ; 0            ; 0       ; 0         ; 0    ; 0            ; |Sorterbdf|lpm_counter0:inst|lpm_counter:LPM_COUNTER_component                                        ; work         ;
;          |cntr_7ni:auto_generated|           ; 5 (5)             ; 5 (5)        ; 0           ; 0            ; 0       ; 0         ; 0    ; 0            ; |Sorterbdf|lpm_counter0:inst|lpm_counter:LPM_COUNTER_component|cntr_7ni:auto_generated                ; work         ;
;    |lpm_ff:inst5|                            ; 0 (0)             ; 5 (5)        ; 0           ; 0            ; 0       ; 0         ; 0    ; 0            ; |Sorterbdf|lpm_ff:inst5                                                                               ; work         ;
+----------------------------------------------+-------------------+--------------+-------------+--------------+---------+-----------+------+--------------+-------------------------------------------------------------------------------------------------------+--------------+
Note: For table entries with two numbers listed, the numbers in parentheses indicate the number of resources of the given type used by the specific entity alone. The numbers listed outside of parentheses indicate the total resources of the given type used by the specific entity and all of its sub-entities in the hierarchy.


+-------------------------------------------------------------------------------------------------------------------------------------------------------------------------------------------------------------+
; Analysis & Synthesis RAM Summary                                                                                                                                                                            ;
+-------------------------------------------------------------------------------------------------------+------+-------------+--------------+--------------+--------------+--------------+------+-------------+
; Name                                                                                                  ; Type ; Mode        ; Port A Depth ; Port A Width ; Port B Depth ; Port B Width ; Size ; MIF         ;
+-------------------------------------------------------------------------------------------------------+------+-------------+--------------+--------------+--------------+--------------+------+-------------+
; NewLCD:inst3|lpm_rom0:inst1|altsyncram:altsyncram_component|altsyncram_7f71:auto_generated|ALTSYNCRAM ; AUTO ; ROM         ; 32           ; 8            ; --           ; --           ; 256  ; Rom.hex     ;
; RAM32x8:inst1|altsyncram:altsyncram_component|altsyncram_8qc1:auto_generated|ALTSYNCRAM               ; AUTO ; Single Port ; 32           ; 8            ; --           ; --           ; 256  ; RAM32x8.mif ;
+-------------------------------------------------------------------------------------------------------+------+-------------+--------------+--------------+--------------+--------------+------+-------------+


+-------------------------------------------------------------------------------------------------------------------------------------------------------------------------------------+
; Analysis & Synthesis IP Cores Summary                                                                                                                                               ;
+--------+--------------+---------+--------------+--------------+----------------------------------------+----------------------------------------------------------------------------+
; Vendor ; IP Core Name ; Version ; Release Date ; License Type ; Entity Instance                        ; IP Include File                                                            ;
+--------+--------------+---------+--------------+--------------+----------------------------------------+----------------------------------------------------------------------------+
; Altera ; LPM_COUNTER  ; N/A     ; N/A          ; N/A          ; |Sorterbdf|lpm_counter0:inst           ; C:/Users/v4ngbz/Documents/Quartus/DD2/Exercise7/Question1/lpm_counter0.vhd ;
; Altera ; RAM: 1-PORT  ; 13.0    ; N/A          ; N/A          ; |Sorterbdf|RAM32x8:inst1               ; C:/Users/v4ngbz/Documents/Quartus/DD2/Exercise7/Question1/RAM32x8.vhd      ;
; Altera ; LPM_ROM      ; N/A     ; N/A          ; N/A          ; |Sorterbdf|NewLCD:inst3|lpm_rom0:inst1 ; c:/users/v4ngbz/documents/quartus/libraries/corelibrary/lpm_rom0.vhd       ;
+--------+--------------+---------+--------------+--------------+----------------------------------------+----------------------------------------------------------------------------+


Encoding Type:  One-Hot
+----------------------------------------------------------------------------------------------------------------------------------------------------------------------------------------------------------------------------------------------------------------------------------------------------------------------------------------------------------+
; State Machine - |Sorterbdf|NewLCD:inst3|LCD_Display:inst|next_command                                                                                                                                                                                                                                                                                    ;
+----------------------------+----------------------------+--------------------------+---------------------+-------------------+---------------------+-------------------------+--------------------------+--------------------+---------------------------+-----------------------+-------------------------+-----------------------+---------------------+
; Name                       ; next_command.DISPLAY_CLEAR ; next_command.DISPLAY_OFF ; next_command.RESET3 ; next_command.HOLD ; next_command.RESET1 ; next_command.DROP_LCD_E ; next_command.RETURN_HOME ; next_command.LINE2 ; next_command.Print_String ; next_command.MODE_SET ; next_command.DISPLAY_ON ; next_command.FUNC_SET ; next_command.RESET2 ;
+----------------------------+----------------------------+--------------------------+---------------------+-------------------+---------------------+-------------------------+--------------------------+--------------------+---------------------------+-----------------------+-------------------------+-----------------------+---------------------+
; next_command.RESET2        ; 0                          ; 0                        ; 0                   ; 0                 ; 0                   ; 0                       ; 0                        ; 0                  ; 0                         ; 0                     ; 0                       ; 0                     ; 0                   ;
; next_command.FUNC_SET      ; 0                          ; 0                        ; 0                   ; 0                 ; 0                   ; 0                       ; 0                        ; 0                  ; 0                         ; 0                     ; 0                       ; 1                     ; 1                   ;
; next_command.DISPLAY_ON    ; 0                          ; 0                        ; 0                   ; 0                 ; 0                   ; 0                       ; 0                        ; 0                  ; 0                         ; 0                     ; 1                       ; 0                     ; 1                   ;
; next_command.MODE_SET      ; 0                          ; 0                        ; 0                   ; 0                 ; 0                   ; 0                       ; 0                        ; 0                  ; 0                         ; 1                     ; 0                       ; 0                     ; 1                   ;
; next_command.Print_String  ; 0                          ; 0                        ; 0                   ; 0                 ; 0                   ; 0                       ; 0                        ; 0                  ; 1                         ; 0                     ; 0                       ; 0                     ; 1                   ;
; next_command.LINE2         ; 0                          ; 0                        ; 0                   ; 0                 ; 0                   ; 0                       ; 0                        ; 1                  ; 0                         ; 0                     ; 0                       ; 0                     ; 1                   ;
; next_command.RETURN_HOME   ; 0                          ; 0                        ; 0                   ; 0                 ; 0                   ; 0                       ; 1                        ; 0                  ; 0                         ; 0                     ; 0                       ; 0                     ; 1                   ;
; next_command.DROP_LCD_E    ; 0                          ; 0                        ; 0                   ; 0                 ; 0                   ; 1                       ; 0                        ; 0                  ; 0                         ; 0                     ; 0                       ; 0                     ; 1                   ;
; next_command.RESET1        ; 0                          ; 0                        ; 0                   ; 0                 ; 1                   ; 0                       ; 0                        ; 0                  ; 0                         ; 0                     ; 0                       ; 0                     ; 1                   ;
; next_command.HOLD          ; 0                          ; 0                        ; 0                   ; 1                 ; 0                   ; 0                       ; 0                        ; 0                  ; 0                         ; 0                     ; 0                       ; 0                     ; 1                   ;
; next_command.RESET3        ; 0                          ; 0                        ; 1                   ; 0                 ; 0                   ; 0                       ; 0                        ; 0                  ; 0                         ; 0                     ; 0                       ; 0                     ; 1                   ;
; next_command.DISPLAY_OFF   ; 0                          ; 1                        ; 0                   ; 0                 ; 0                   ; 0                       ; 0                        ; 0                  ; 0                         ; 0                     ; 0                       ; 0                     ; 1                   ;
; next_command.DISPLAY_CLEAR ; 1                          ; 0                        ; 0                   ; 0                 ; 0                   ; 0                       ; 0                        ; 0                  ; 0                         ; 0                     ; 0                       ; 0                     ; 1                   ;
+----------------------------+----------------------------+--------------------------+---------------------+-------------------+---------------------+-------------------------+--------------------------+--------------------+---------------------------+-----------------------+-------------------------+-----------------------+---------------------+


Encoding Type:  One-Hot
+--------------------------------------------------------------------------------------------------------------------------------------------------------------------------------------------------------------------------------------------------------+
; State Machine - |Sorterbdf|NewLCD:inst3|LCD_Display:inst|state                                                                                                                                                                                         ;
+---------------------+---------------------+-------------------+--------------+--------------+------------+------------------+-------------------+-------------+--------------------+----------------+------------------+----------------+--------------+
; Name                ; state.DISPLAY_CLEAR ; state.DISPLAY_OFF ; state.RESET3 ; state.RESET2 ; state.HOLD ; state.DROP_LCD_E ; state.RETURN_HOME ; state.LINE2 ; state.Print_String ; state.MODE_SET ; state.DISPLAY_ON ; state.FUNC_SET ; state.RESET1 ;
+---------------------+---------------------+-------------------+--------------+--------------+------------+------------------+-------------------+-------------+--------------------+----------------+------------------+----------------+--------------+
; state.RESET1        ; 0                   ; 0                 ; 0            ; 0            ; 0          ; 0                ; 0                 ; 0           ; 0                  ; 0              ; 0                ; 0              ; 0            ;
; state.FUNC_SET      ; 0                   ; 0                 ; 0            ; 0            ; 0          ; 0                ; 0                 ; 0           ; 0                  ; 0              ; 0                ; 1              ; 1            ;
; state.DISPLAY_ON    ; 0                   ; 0                 ; 0            ; 0            ; 0          ; 0                ; 0                 ; 0           ; 0                  ; 0              ; 1                ; 0              ; 1            ;
; state.MODE_SET      ; 0                   ; 0                 ; 0            ; 0            ; 0          ; 0                ; 0                 ; 0           ; 0                  ; 1              ; 0                ; 0              ; 1            ;
; state.Print_String  ; 0                   ; 0                 ; 0            ; 0            ; 0          ; 0                ; 0                 ; 0           ; 1                  ; 0              ; 0                ; 0              ; 1            ;
; state.LINE2         ; 0                   ; 0                 ; 0            ; 0            ; 0          ; 0                ; 0                 ; 1           ; 0                  ; 0              ; 0                ; 0              ; 1            ;
; state.RETURN_HOME   ; 0                   ; 0                 ; 0            ; 0            ; 0          ; 0                ; 1                 ; 0           ; 0                  ; 0              ; 0                ; 0              ; 1            ;
; state.DROP_LCD_E    ; 0                   ; 0                 ; 0            ; 0            ; 0          ; 1                ; 0                 ; 0           ; 0                  ; 0              ; 0                ; 0              ; 1            ;
; state.HOLD          ; 0                   ; 0                 ; 0            ; 0            ; 1          ; 0                ; 0                 ; 0           ; 0                  ; 0              ; 0                ; 0              ; 1            ;
; state.RESET2        ; 0                   ; 0                 ; 0            ; 1            ; 0          ; 0                ; 0                 ; 0           ; 0                  ; 0              ; 0                ; 0              ; 1            ;
; state.RESET3        ; 0                   ; 0                 ; 1            ; 0            ; 0          ; 0                ; 0                 ; 0           ; 0                  ; 0              ; 0                ; 0              ; 1            ;
; state.DISPLAY_OFF   ; 0                   ; 1                 ; 0            ; 0            ; 0          ; 0                ; 0                 ; 0           ; 0                  ; 0              ; 0                ; 0              ; 1            ;
; state.DISPLAY_CLEAR ; 1                   ; 0                 ; 0            ; 0            ; 0          ; 0                ; 0                 ; 0           ; 0                  ; 0              ; 0                ; 0              ; 1            ;
+---------------------+---------------------+-------------------+--------------+--------------+------------+------------------+-------------------+-------------+--------------------+----------------+------------------+----------------+--------------+


Encoding Type:  One-Hot
+-------------------------------------------------------------------------------------------------------------------------------------------------------------------------------------------------------------------------------+
; State Machine - |Sorterbdf|BubbleSort:inst7|state                                                                                                                                                                             ;
+-------------------+-----------------+-----------------+--------------+-------------------+--------------+-------------------+---------------+------------+-------------------+------------+-------------------+---------------+
; Name              ; state.CheckFlag ; state.CheckLoop ; state.WriteB ; state.SendAddrB_w ; state.WriteA ; state.SendAddrA_w ; state.Compare ; state.GetB ; state.SendAddrB_r ; state.GetA ; state.SendAddrA_r ; state.Waiting ;
+-------------------+-----------------+-----------------+--------------+-------------------+--------------+-------------------+---------------+------------+-------------------+------------+-------------------+---------------+
; state.Waiting     ; 0               ; 0               ; 0            ; 0                 ; 0            ; 0                 ; 0             ; 0          ; 0                 ; 0          ; 0                 ; 0             ;
; state.SendAddrA_r ; 0               ; 0               ; 0            ; 0                 ; 0            ; 0                 ; 0             ; 0          ; 0                 ; 0          ; 1                 ; 1             ;
; state.GetA        ; 0               ; 0               ; 0            ; 0                 ; 0            ; 0                 ; 0             ; 0          ; 0                 ; 1          ; 0                 ; 1             ;
; state.SendAddrB_r ; 0               ; 0               ; 0            ; 0                 ; 0            ; 0                 ; 0             ; 0          ; 1                 ; 0          ; 0                 ; 1             ;
; state.GetB        ; 0               ; 0               ; 0            ; 0                 ; 0            ; 0                 ; 0             ; 1          ; 0                 ; 0          ; 0                 ; 1             ;
; state.Compare     ; 0               ; 0               ; 0            ; 0                 ; 0            ; 0                 ; 1             ; 0          ; 0                 ; 0          ; 0                 ; 1             ;
; state.SendAddrA_w ; 0               ; 0               ; 0            ; 0                 ; 0            ; 1                 ; 0             ; 0          ; 0                 ; 0          ; 0                 ; 1             ;
; state.WriteA      ; 0               ; 0               ; 0            ; 0                 ; 1            ; 0                 ; 0             ; 0          ; 0                 ; 0          ; 0                 ; 1             ;
; state.SendAddrB_w ; 0               ; 0               ; 0            ; 1                 ; 0            ; 0                 ; 0             ; 0          ; 0                 ; 0          ; 0                 ; 1             ;
; state.WriteB      ; 0               ; 0               ; 1            ; 0                 ; 0            ; 0                 ; 0             ; 0          ; 0                 ; 0          ; 0                 ; 1             ;
; state.CheckLoop   ; 0               ; 1               ; 0            ; 0                 ; 0            ; 0                 ; 0             ; 0          ; 0                 ; 0          ; 0                 ; 1             ;
; state.CheckFlag   ; 1               ; 0               ; 0            ; 0                 ; 0            ; 0                 ; 0             ; 0          ; 0                 ; 0          ; 0                 ; 1             ;
+-------------------+-----------------+-----------------+--------------+-------------------+--------------+-------------------+---------------+------------+-------------------+------------+-------------------+---------------+


+---------------------------------------------------------------------------------------------------------------------------+
; Registers Removed During Synthesis                                                                                        ;
+-------------------------------------------------------+-------------------------------------------------------------------+
; Register name                                         ; Reason for Removal                                                ;
+-------------------------------------------------------+-------------------------------------------------------------------+
; NewLCD:inst3|LCD_Display:inst|next_command.HOLD       ; Merged with NewLCD:inst3|LCD_Display:inst|next_command.DROP_LCD_E ;
; NewLCD:inst3|LCD_Display:inst|next_command.RESET1     ; Merged with NewLCD:inst3|LCD_Display:inst|next_command.DROP_LCD_E ;
; NewLCD:inst3|LCD_Display:inst|next_command.DROP_LCD_E ; Stuck at GND due to stuck port data_in                            ;
; Total Number of Removed Registers = 3                 ;                                                                   ;
+-------------------------------------------------------+-------------------------------------------------------------------+


+------------------------------------------------------+
; General Register Statistics                          ;
+----------------------------------------------+-------+
; Statistic                                    ; Value ;
+----------------------------------------------+-------+
; Total registers                              ; 105   ;
; Number of registers using Synchronous Clear  ; 26    ;
; Number of registers using Synchronous Load   ; 0     ;
; Number of registers using Asynchronous Clear ; 57    ;
; Number of registers using Asynchronous Load  ; 0     ;
; Number of registers using Clock Enable       ; 34    ;
; Number of registers using Preset             ; 0     ;
+----------------------------------------------+-------+


+-----------------------------------------------------------+
; Inverted Register Statistics                              ;
+-------------------------------------------------+---------+
; Inverted Register                               ; Fan out ;
+-------------------------------------------------+---------+
; NewLCD:inst3|LCD_Display:inst|LCD_E             ; 2       ;
; NewLCD:inst3|LCD_Display:inst|LCD_RW_INT        ; 9       ;
; NewLCD:inst3|LCD_Display:inst|DATA_BUS_VALUE[5] ; 1       ;
; NewLCD:inst3|LCD_Display:inst|DATA_BUS_VALUE[4] ; 1       ;
; NewLCD:inst3|LCD_Display:inst|DATA_BUS_VALUE[3] ; 2       ;
; Total number of inverted registers = 5          ;         ;
+-------------------------------------------------+---------+


+----------------------------------------------------------------------------------------------------------------------------------------------------------------------------+
; Multiplexer Restructuring Statistics (Restructuring Performed)                                                                                                             ;
+--------------------+-----------+---------------+----------------------+------------------------+------------+--------------------------------------------------------------+
; Multiplexer Inputs ; Bus Width ; Baseline Area ; Area if Restructured ; Saving if Restructured ; Registered ; Example Multiplexer Output                                   ;
+--------------------+-----------+---------------+----------------------+------------------------+------------+--------------------------------------------------------------+
; 3:1                ; 20 bits   ; 40 LEs        ; 20 LEs               ; 20 LEs                 ; Yes        ; |Sorterbdf|NewLCD:inst3|LCD_Display:inst|CLK_COUNT_400HZ[14] ;
; 4:1                ; 5 bits    ; 10 LEs        ; 5 LEs                ; 5 LEs                  ; Yes        ; |Sorterbdf|BubbleSort:inst7|count[4]                         ;
; 5:1                ; 2 bits    ; 6 LEs         ; 6 LEs                ; 0 LEs                  ; Yes        ; |Sorterbdf|NewLCD:inst3|LCD_Display:inst|DATA_BUS_VALUE[4]   ;
; 33:1               ; 3 bits    ; 66 LEs        ; 15 LEs               ; 51 LEs                 ; No         ; |Sorterbdf|NewLCD:inst3|LCD_Display:inst|Next_Char[3]        ;
+--------------------+-----------+---------------+----------------------+------------------------+------------+--------------------------------------------------------------+


+-----------------------------------------------------------------------------------------------------+
; Source assignments for RAM32x8:inst1|altsyncram:altsyncram_component|altsyncram_8qc1:auto_generated ;
+---------------------------------+--------------------+------+---------------------------------------+
; Assignment                      ; Value              ; From ; To                                    ;
+---------------------------------+--------------------+------+---------------------------------------+
; OPTIMIZE_POWER_DURING_SYNTHESIS ; NORMAL_COMPILATION ; -    ; -                                     ;
+---------------------------------+--------------------+------+---------------------------------------+


+-------------------------------------------------------------------------------------------------------------------+
; Source assignments for NewLCD:inst3|lpm_rom0:inst1|altsyncram:altsyncram_component|altsyncram_7f71:auto_generated ;
+---------------------------------+--------------------+------+-----------------------------------------------------+
; Assignment                      ; Value              ; From ; To                                                  ;
+---------------------------------+--------------------+------+-----------------------------------------------------+
; OPTIMIZE_POWER_DURING_SYNTHESIS ; NORMAL_COMPILATION ; -    ; -                                                   ;
+---------------------------------+--------------------+------+-----------------------------------------------------+


+--------------------------------------------------------------------------------------------+
; Parameter Settings for User Entity Instance: RAM32x8:inst1|altsyncram:altsyncram_component ;
+------------------------------------+----------------------+--------------------------------+
; Parameter Name                     ; Value                ; Type                           ;
+------------------------------------+----------------------+--------------------------------+
; BYTE_SIZE_BLOCK                    ; 8                    ; Untyped                        ;
; AUTO_CARRY_CHAINS                  ; ON                   ; AUTO_CARRY                     ;
; IGNORE_CARRY_BUFFERS               ; OFF                  ; IGNORE_CARRY                   ;
; AUTO_CASCADE_CHAINS                ; ON                   ; AUTO_CASCADE                   ;
; IGNORE_CASCADE_BUFFERS             ; OFF                  ; IGNORE_CASCADE                 ;
; WIDTH_BYTEENA                      ; 1                    ; Untyped                        ;
; OPERATION_MODE                     ; SINGLE_PORT          ; Untyped                        ;
; WIDTH_A                            ; 8                    ; Signed Integer                 ;
; WIDTHAD_A                          ; 5                    ; Signed Integer                 ;
; NUMWORDS_A                         ; 32                   ; Signed Integer                 ;
; OUTDATA_REG_A                      ; UNREGISTERED         ; Untyped                        ;
; ADDRESS_ACLR_A                     ; NONE                 ; Untyped                        ;
; OUTDATA_ACLR_A                     ; NONE                 ; Untyped                        ;
; WRCONTROL_ACLR_A                   ; NONE                 ; Untyped                        ;
; INDATA_ACLR_A                      ; NONE                 ; Untyped                        ;
; BYTEENA_ACLR_A                     ; NONE                 ; Untyped                        ;
; WIDTH_B                            ; 1                    ; Untyped                        ;
; WIDTHAD_B                          ; 1                    ; Untyped                        ;
; NUMWORDS_B                         ; 1                    ; Untyped                        ;
; INDATA_REG_B                       ; CLOCK1               ; Untyped                        ;
; WRCONTROL_WRADDRESS_REG_B          ; CLOCK1               ; Untyped                        ;
; RDCONTROL_REG_B                    ; CLOCK1               ; Untyped                        ;
; ADDRESS_REG_B                      ; CLOCK1               ; Untyped                        ;
; OUTDATA_REG_B                      ; UNREGISTERED         ; Untyped                        ;
; BYTEENA_REG_B                      ; CLOCK1               ; Untyped                        ;
; INDATA_ACLR_B                      ; NONE                 ; Untyped                        ;
; WRCONTROL_ACLR_B                   ; NONE                 ; Untyped                        ;
; ADDRESS_ACLR_B                     ; NONE                 ; Untyped                        ;
; OUTDATA_ACLR_B                     ; NONE                 ; Untyped                        ;
; RDCONTROL_ACLR_B                   ; NONE                 ; Untyped                        ;
; BYTEENA_ACLR_B                     ; NONE                 ; Untyped                        ;
; WIDTH_BYTEENA_A                    ; 1                    ; Signed Integer                 ;
; WIDTH_BYTEENA_B                    ; 1                    ; Untyped                        ;
; RAM_BLOCK_TYPE                     ; AUTO                 ; Untyped                        ;
; BYTE_SIZE                          ; 8                    ; Untyped                        ;
; READ_DURING_WRITE_MODE_MIXED_PORTS ; DONT_CARE            ; Untyped                        ;
; READ_DURING_WRITE_MODE_PORT_A      ; NEW_DATA_NO_NBE_READ ; Untyped                        ;
; READ_DURING_WRITE_MODE_PORT_B      ; NEW_DATA_NO_NBE_READ ; Untyped                        ;
; INIT_FILE                          ; RAM32x8.mif          ; Untyped                        ;
; INIT_FILE_LAYOUT                   ; PORT_A               ; Untyped                        ;
; MAXIMUM_DEPTH                      ; 0                    ; Untyped                        ;
; CLOCK_ENABLE_INPUT_A               ; BYPASS               ; Untyped                        ;
; CLOCK_ENABLE_INPUT_B               ; NORMAL               ; Untyped                        ;
; CLOCK_ENABLE_OUTPUT_A              ; BYPASS               ; Untyped                        ;
; CLOCK_ENABLE_OUTPUT_B              ; NORMAL               ; Untyped                        ;
; CLOCK_ENABLE_CORE_A                ; USE_INPUT_CLKEN      ; Untyped                        ;
; CLOCK_ENABLE_CORE_B                ; USE_INPUT_CLKEN      ; Untyped                        ;
; ENABLE_ECC                         ; FALSE                ; Untyped                        ;
; ECC_PIPELINE_STAGE_ENABLED         ; FALSE                ; Untyped                        ;
; WIDTH_ECCSTATUS                    ; 3                    ; Untyped                        ;
; DEVICE_FAMILY                      ; Cyclone II           ; Untyped                        ;
; CBXI_PARAMETER                     ; altsyncram_8qc1      ; Untyped                        ;
+------------------------------------+----------------------+--------------------------------+
Note: In order to hide this table in the UI and the text report file, please set the "Show Parameter Settings in Synthesis Report" option in "Analysis and Synthesis Settings -> More Settings" to "Off".


+-----------------------------------------------------------+
; Parameter Settings for User Entity Instance: BUSMUX:inst2 ;
+----------------+-------+----------------------------------+
; Parameter Name ; Value ; Type                             ;
+----------------+-------+----------------------------------+
; WIDTH          ; 5     ; Untyped                          ;
+----------------+-------+----------------------------------+
Note: In order to hide this table in the UI and the text report file, please set the "Show Parameter Settings in Synthesis Report" option in "Analysis and Synthesis Settings -> More Settings" to "Off".


+--------------------------------------------------------------------------------------------------+
; Parameter Settings for User Entity Instance: lpm_counter0:inst|lpm_counter:LPM_COUNTER_component ;
+------------------------+-------------+-----------------------------------------------------------+
; Parameter Name         ; Value       ; Type                                                      ;
+------------------------+-------------+-----------------------------------------------------------+
; AUTO_CARRY_CHAINS      ; ON          ; AUTO_CARRY                                                ;
; IGNORE_CARRY_BUFFERS   ; OFF         ; IGNORE_CARRY                                              ;
; AUTO_CASCADE_CHAINS    ; ON          ; AUTO_CASCADE                                              ;
; IGNORE_CASCADE_BUFFERS ; OFF         ; IGNORE_CASCADE                                            ;
; LPM_WIDTH              ; 5           ; Signed Integer                                            ;
; LPM_DIRECTION          ; UP          ; Untyped                                                   ;
; LPM_MODULUS            ; 0           ; Untyped                                                   ;
; LPM_AVALUE             ; UNUSED      ; Untyped                                                   ;
; LPM_SVALUE             ; UNUSED      ; Untyped                                                   ;
; LPM_PORT_UPDOWN        ; PORT_UNUSED ; Untyped                                                   ;
; DEVICE_FAMILY          ; Cyclone II  ; Untyped                                                   ;
; CARRY_CHAIN            ; MANUAL      ; Untyped                                                   ;
; CARRY_CHAIN_LENGTH     ; 48          ; CARRY_CHAIN_LENGTH                                        ;
; NOT_GATE_PUSH_BACK     ; ON          ; NOT_GATE_PUSH_BACK                                        ;
; CARRY_CNT_EN           ; SMART       ; Untyped                                                   ;
; LABWIDE_SCLR           ; ON          ; Untyped                                                   ;
; USE_NEW_VERSION        ; TRUE        ; Untyped                                                   ;
; CBXI_PARAMETER         ; cntr_7ni    ; Untyped                                                   ;
+------------------------+-------------+-----------------------------------------------------------+
Note: In order to hide this table in the UI and the text report file, please set the "Show Parameter Settings in Synthesis Report" option in "Analysis and Synthesis Settings -> More Settings" to "Off".


+----------------------------------------------------------------------------+
; Parameter Settings for User Entity Instance: NewLCD:inst3|LCD_Display:inst ;
+----------------+-------+---------------------------------------------------+
; Parameter Name ; Value ; Type                                              ;
+----------------+-------+---------------------------------------------------+
; num_hex_digits ; 4     ; Signed Integer                                    ;
+----------------+-------+---------------------------------------------------+
Note: In order to hide this table in the UI and the text report file, please set the "Show Parameter Settings in Synthesis Report" option in "Analysis and Synthesis Settings -> More Settings" to "Off".


+----------------------------------------------------------------------------------------------------------+
; Parameter Settings for User Entity Instance: NewLCD:inst3|lpm_rom0:inst1|altsyncram:altsyncram_component ;
+------------------------------------+----------------------+----------------------------------------------+
; Parameter Name                     ; Value                ; Type                                         ;
+------------------------------------+----------------------+----------------------------------------------+
; BYTE_SIZE_BLOCK                    ; 8                    ; Untyped                                      ;
; AUTO_CARRY_CHAINS                  ; ON                   ; AUTO_CARRY                                   ;
; IGNORE_CARRY_BUFFERS               ; OFF                  ; IGNORE_CARRY                                 ;
; AUTO_CASCADE_CHAINS                ; ON                   ; AUTO_CASCADE                                 ;
; IGNORE_CASCADE_BUFFERS             ; OFF                  ; IGNORE_CASCADE                               ;
; WIDTH_BYTEENA                      ; 1                    ; Untyped                                      ;
; OPERATION_MODE                     ; ROM                  ; Untyped                                      ;
; WIDTH_A                            ; 8                    ; Signed Integer                               ;
; WIDTHAD_A                          ; 5                    ; Signed Integer                               ;
; NUMWORDS_A                         ; 32                   ; Signed Integer                               ;
; OUTDATA_REG_A                      ; UNREGISTERED         ; Untyped                                      ;
; ADDRESS_ACLR_A                     ; NONE                 ; Untyped                                      ;
; OUTDATA_ACLR_A                     ; NONE                 ; Untyped                                      ;
; WRCONTROL_ACLR_A                   ; NONE                 ; Untyped                                      ;
; INDATA_ACLR_A                      ; NONE                 ; Untyped                                      ;
; BYTEENA_ACLR_A                     ; NONE                 ; Untyped                                      ;
; WIDTH_B                            ; 1                    ; Untyped                                      ;
; WIDTHAD_B                          ; 1                    ; Untyped                                      ;
; NUMWORDS_B                         ; 1                    ; Untyped                                      ;
; INDATA_REG_B                       ; CLOCK1               ; Untyped                                      ;
; WRCONTROL_WRADDRESS_REG_B          ; CLOCK1               ; Untyped                                      ;
; RDCONTROL_REG_B                    ; CLOCK1               ; Untyped                                      ;
; ADDRESS_REG_B                      ; CLOCK1               ; Untyped                                      ;
; OUTDATA_REG_B                      ; UNREGISTERED         ; Untyped                                      ;
; BYTEENA_REG_B                      ; CLOCK1               ; Untyped                                      ;
; INDATA_ACLR_B                      ; NONE                 ; Untyped                                      ;
; WRCONTROL_ACLR_B                   ; NONE                 ; Untyped                                      ;
; ADDRESS_ACLR_B                     ; NONE                 ; Untyped                                      ;
; OUTDATA_ACLR_B                     ; NONE                 ; Untyped                                      ;
; RDCONTROL_ACLR_B                   ; NONE                 ; Untyped                                      ;
; BYTEENA_ACLR_B                     ; NONE                 ; Untyped                                      ;
; WIDTH_BYTEENA_A                    ; 1                    ; Signed Integer                               ;
; WIDTH_BYTEENA_B                    ; 1                    ; Untyped                                      ;
; RAM_BLOCK_TYPE                     ; AUTO                 ; Untyped                                      ;
; BYTE_SIZE                          ; 8                    ; Untyped                                      ;
; READ_DURING_WRITE_MODE_MIXED_PORTS ; DONT_CARE            ; Untyped                                      ;
; READ_DURING_WRITE_MODE_PORT_A      ; NEW_DATA_NO_NBE_READ ; Untyped                                      ;
; READ_DURING_WRITE_MODE_PORT_B      ; NEW_DATA_NO_NBE_READ ; Untyped                                      ;
; INIT_FILE                          ; Rom.hex              ; Untyped                                      ;
; INIT_FILE_LAYOUT                   ; PORT_A               ; Untyped                                      ;
; MAXIMUM_DEPTH                      ; 0                    ; Untyped                                      ;
; CLOCK_ENABLE_INPUT_A               ; BYPASS               ; Untyped                                      ;
; CLOCK_ENABLE_INPUT_B               ; NORMAL               ; Untyped                                      ;
; CLOCK_ENABLE_OUTPUT_A              ; BYPASS               ; Untyped                                      ;
; CLOCK_ENABLE_OUTPUT_B              ; NORMAL               ; Untyped                                      ;
; CLOCK_ENABLE_CORE_A                ; USE_INPUT_CLKEN      ; Untyped                                      ;
; CLOCK_ENABLE_CORE_B                ; USE_INPUT_CLKEN      ; Untyped                                      ;
; ENABLE_ECC                         ; FALSE                ; Untyped                                      ;
; ECC_PIPELINE_STAGE_ENABLED         ; FALSE                ; Untyped                                      ;
; WIDTH_ECCSTATUS                    ; 3                    ; Untyped                                      ;
; DEVICE_FAMILY                      ; Cyclone II           ; Untyped                                      ;
; CBXI_PARAMETER                     ; altsyncram_7f71      ; Untyped                                      ;
+------------------------------------+----------------------+----------------------------------------------+
Note: In order to hide this table in the UI and the text report file, please set the "Show Parameter Settings in Synthesis Report" option in "Analysis and Synthesis Settings -> More Settings" to "Off".


+-----------------------------------------------------------+
; Parameter Settings for User Entity Instance: LPM_FF:inst5 ;
+------------------------+------------+---------------------+
; Parameter Name         ; Value      ; Type                ;
+------------------------+------------+---------------------+
; LPM_WIDTH              ; 5          ; Untyped             ;
; LPM_AVALUE             ; UNUSED     ; Untyped             ;
; LPM_SVALUE             ; UNUSED     ; Untyped             ;
; LPM_FFTYPE             ; DFF        ; Untyped             ;
; DEVICE_FAMILY          ; Cyclone II ; Untyped             ;
; CBXI_PARAMETER         ; NOTHING    ; Untyped             ;
; AUTO_CARRY_CHAINS      ; ON         ; AUTO_CARRY          ;
; IGNORE_CARRY_BUFFERS   ; OFF        ; IGNORE_CARRY        ;
; AUTO_CASCADE_CHAINS    ; ON         ; AUTO_CASCADE        ;
; IGNORE_CASCADE_BUFFERS ; OFF        ; IGNORE_CASCADE      ;
+------------------------+------------+---------------------+
Note: In order to hide this table in the UI and the text report file, please set the "Show Parameter Settings in Synthesis Report" option in "Analysis and Synthesis Settings -> More Settings" to "Off".


+---------------------------------------------------------------------------------------------------------+
; altsyncram Parameter Settings by Entity Instance                                                        ;
+-------------------------------------------+-------------------------------------------------------------+
; Name                                      ; Value                                                       ;
+-------------------------------------------+-------------------------------------------------------------+
; Number of entity instances                ; 2                                                           ;
; Entity Instance                           ; RAM32x8:inst1|altsyncram:altsyncram_component               ;
;     -- OPERATION_MODE                     ; SINGLE_PORT                                                 ;
;     -- WIDTH_A                            ; 8                                                           ;
;     -- NUMWORDS_A                         ; 32                                                          ;
;     -- OUTDATA_REG_A                      ; UNREGISTERED                                                ;
;     -- WIDTH_B                            ; 1                                                           ;
;     -- NUMWORDS_B                         ; 1                                                           ;
;     -- ADDRESS_REG_B                      ; CLOCK1                                                      ;
;     -- OUTDATA_REG_B                      ; UNREGISTERED                                                ;
;     -- RAM_BLOCK_TYPE                     ; AUTO                                                        ;
;     -- READ_DURING_WRITE_MODE_MIXED_PORTS ; DONT_CARE                                                   ;
; Entity Instance                           ; NewLCD:inst3|lpm_rom0:inst1|altsyncram:altsyncram_component ;
;     -- OPERATION_MODE                     ; ROM                                                         ;
;     -- WIDTH_A                            ; 8                                                           ;
;     -- NUMWORDS_A                         ; 32                                                          ;
;     -- OUTDATA_REG_A                      ; UNREGISTERED                                                ;
;     -- WIDTH_B                            ; 1                                                           ;
;     -- NUMWORDS_B                         ; 1                                                           ;
;     -- ADDRESS_REG_B                      ; CLOCK1                                                      ;
;     -- OUTDATA_REG_B                      ; UNREGISTERED                                                ;
;     -- RAM_BLOCK_TYPE                     ; AUTO                                                        ;
;     -- READ_DURING_WRITE_MODE_MIXED_PORTS ; DONT_CARE                                                   ;
+-------------------------------------------+-------------------------------------------------------------+


+-------------------------------+
; Elapsed Time Per Partition    ;
+----------------+--------------+
; Partition Name ; Elapsed Time ;
+----------------+--------------+
; Top            ; 00:00:00     ;
+----------------+--------------+


+-------------------------------+
; Analysis & Synthesis Messages ;
+-------------------------------+
Info: *******************************************************************
Info: Running Quartus II 64-Bit Analysis & Synthesis
    Info: Version 13.0.1 Build 232 06/12/2013 Service Pack 1 SJ Web Edition
    Info: Processing started: Fri May 20 12:08:08 2022
Info: Command: quartus_map --read_settings_files=on --write_settings_files=off Question1 -c Question1
Warning (20028): Parallel compilation is not licensed and has been disabled
Info (12021): Found 2 design units, including 1 entities, in source file ram32x8.vhd
    Info (12022): Found design unit 1: ram32x8-SYN
    Info (12023): Found entity 1: RAM32x8
Info (12021): Found 2 design units, including 1 entities, in source file bubblesort.vhd
    Info (12022): Found design unit 1: BubbleSort-RTL
    Info (12023): Found entity 1: BubbleSort
Info (12021): Found 2 design units, including 1 entities, in source file sorter.vhd
    Info (12022): Found design unit 1: Sorter-RTL
    Info (12023): Found entity 1: Sorter
Info (12021): Found 1 design units, including 1 entities, in source file sorterbdf.bdf
    Info (12023): Found entity 1: Sorterbdf
Info (12127): Elaborating entity "Sorterbdf" for the top level hierarchy
Warning (275083): Bus "HEX10[3..0]" found using same base name as "HEX1", which might lead to a name conflict.
Warning (275083): Bus "HEX11[3..0]" found using same base name as "HEX1", which might lead to a name conflict.
Warning (275083): Bus "HEX12[3..0]" found using same base name as "HEX1", which might lead to a name conflict.
Warning (275083): Bus "HEX13[3..0]" found using same base name as "HEX1", which might lead to a name conflict.
Warning (275083): Bus "HEX20[3..0]" found using same base name as "HEX2", which might lead to a name conflict.
Warning (275083): Bus "HEX21[3..0]" found using same base name as "HEX2", which might lead to a name conflict.
Warning (275083): Bus "HEX22[3..0]" found using same base name as "HEX2", which might lead to a name conflict.
Warning (275083): Bus "HEX23[3..0]" found using same base name as "HEX2", which might lead to a name conflict.
Warning (275083): Bus "HEX30[3..0]" found using same base name as "HEX3", which might lead to a name conflict.
Warning (275083): Bus "HEX31[3..0]" found using same base name as "HEX3", which might lead to a name conflict.
Warning (275080): Converted elements in bus name "HEX1" using legacy naming rules. Make any assignments on the new names, not on the original names.
    Warning (275081): Converted element name(s) from "HEX1[3..0]" to "HEX13..0"
Warning (275080): Converted elements in bus name "HEX10" using legacy naming rules. Make any assignments on the new names, not on the original names.
    Warning (275081): Converted element name(s) from "HEX10[3..0]" to "HEX103..0"
Warning (275080): Converted elements in bus name "HEX11" using legacy naming rules. Make any assignments on the new names, not on the original names.
    Warning (275081): Converted element name(s) from "HEX11[3..0]" to "HEX113..0"
Warning (275080): Converted elements in bus name "HEX12" using legacy naming rules. Make any assignments on the new names, not on the original names.
    Warning (275081): Converted element name(s) from "HEX12[3..0]" to "HEX123..0"
Warning (275080): Converted elements in bus name "HEX13" using legacy naming rules. Make any assignments on the new names, not on the original names.
    Warning (275081): Converted element name(s) from "HEX13[3..0]" to "HEX133..0"
Warning (275080): Converted elements in bus name "HEX2" using legacy naming rules. Make any assignments on the new names, not on the original names.
    Warning (275081): Converted element name(s) from "HEX2[3..0]" to "HEX23..0"
Warning (275080): Converted elements in bus name "HEX20" using legacy naming rules. Make any assignments on the new names, not on the original names.
    Warning (275081): Converted element name(s) from "HEX20[3..0]" to "HEX203..0"
Warning (275080): Converted elements in bus name "HEX21" using legacy naming rules. Make any assignments on the new names, not on the original names.
    Warning (275081): Converted element name(s) from "HEX21[3..0]" to "HEX213..0"
Warning (275080): Converted elements in bus name "HEX22" using legacy naming rules. Make any assignments on the new names, not on the original names.
    Warning (275081): Converted element name(s) from "HEX22[3..0]" to "HEX223..0"
Warning (275080): Converted elements in bus name "HEX23" using legacy naming rules. Make any assignments on the new names, not on the original names.
    Warning (275081): Converted element name(s) from "HEX23[3..0]" to "HEX233..0"
Warning (275080): Converted elements in bus name "HEX3" using legacy naming rules. Make any assignments on the new names, not on the original names.
    Warning (275081): Converted element name(s) from "HEX3[3..0]" to "HEX33..0"
Warning (275080): Converted elements in bus name "HEX30" using legacy naming rules. Make any assignments on the new names, not on the original names.
    Warning (275081): Converted element name(s) from "HEX30[3..0]" to "HEX303..0"
Warning (275080): Converted elements in bus name "HEX31" using legacy naming rules. Make any assignments on the new names, not on the original names.
    Warning (275081): Converted element name(s) from "HEX31[3..0]" to "HEX313..0"
Info (12128): Elaborating entity "BubbleSort" for hierarchy "BubbleSort:inst7"
Info (12128): Elaborating entity "RAM32x8" for hierarchy "RAM32x8:inst1"
Info (12128): Elaborating entity "altsyncram" for hierarchy "RAM32x8:inst1|altsyncram:altsyncram_component"
Info (12130): Elaborated megafunction instantiation "RAM32x8:inst1|altsyncram:altsyncram_component"
Info (12133): Instantiated megafunction "RAM32x8:inst1|altsyncram:altsyncram_component" with the following parameter:
    Info (12134): Parameter "clock_enable_input_a" = "BYPASS"
    Info (12134): Parameter "clock_enable_output_a" = "BYPASS"
    Info (12134): Parameter "init_file" = "RAM32x8.mif"
    Info (12134): Parameter "intended_device_family" = "Cyclone II"
    Info (12134): Parameter "lpm_hint" = "ENABLE_RUNTIME_MOD=NO"
    Info (12134): Parameter "lpm_type" = "altsyncram"
    Info (12134): Parameter "numwords_a" = "32"
    Info (12134): Parameter "operation_mode" = "SINGLE_PORT"
    Info (12134): Parameter "outdata_aclr_a" = "NONE"
    Info (12134): Parameter "outdata_reg_a" = "UNREGISTERED"
    Info (12134): Parameter "power_up_uninitialized" = "FALSE"
    Info (12134): Parameter "widthad_a" = "5"
    Info (12134): Parameter "width_a" = "8"
    Info (12134): Parameter "width_byteena_a" = "1"
Info (12021): Found 1 design units, including 1 entities, in source file db/altsyncram_8qc1.tdf
    Info (12023): Found entity 1: altsyncram_8qc1
Info (12128): Elaborating entity "altsyncram_8qc1" for hierarchy "RAM32x8:inst1|altsyncram:altsyncram_component|altsyncram_8qc1:auto_generated"
Info (12128): Elaborating entity "BUSMUX" for hierarchy "BUSMUX:inst2"
Info (12130): Elaborated megafunction instantiation "BUSMUX:inst2"
Info (12133): Instantiated megafunction "BUSMUX:inst2" with the following parameter:
    Info (12134): Parameter "WIDTH" = "5"
Info (12128): Elaborating entity "lpm_mux" for hierarchy "BUSMUX:inst2|lpm_mux:$00000"
Info (12131): Elaborated megafunction instantiation "BUSMUX:inst2|lpm_mux:$00000", which is child of megafunction instantiation "BUSMUX:inst2"
Info (12021): Found 1 design units, including 1 entities, in source file db/mux_pmc.tdf
    Info (12023): Found entity 1: mux_pmc
Info (12128): Elaborating entity "mux_pmc" for hierarchy "BUSMUX:inst2|lpm_mux:$00000|mux_pmc:auto_generated"
Warning (12125): Using design file lpm_counter0.vhd, which is not specified as a design file for the current project, but contains definitions for 2 design units and 1 entities in project
    Info (12022): Found design unit 1: lpm_counter0-SYN
    Info (12023): Found entity 1: lpm_counter0
Info (12128): Elaborating entity "lpm_counter0" for hierarchy "lpm_counter0:inst"
Info (12128): Elaborating entity "lpm_counter" for hierarchy "lpm_counter0:inst|lpm_counter:LPM_COUNTER_component"
Info (12130): Elaborated megafunction instantiation "lpm_counter0:inst|lpm_counter:LPM_COUNTER_component"
Info (12133): Instantiated megafunction "lpm_counter0:inst|lpm_counter:LPM_COUNTER_component" with the following parameter:
    Info (12134): Parameter "lpm_direction" = "UP"
    Info (12134): Parameter "lpm_port_updown" = "PORT_UNUSED"
    Info (12134): Parameter "lpm_type" = "LPM_COUNTER"
    Info (12134): Parameter "lpm_width" = "5"
Info (12021): Found 1 design units, including 1 entities, in source file db/cntr_7ni.tdf
    Info (12023): Found entity 1: cntr_7ni
Info (12128): Elaborating entity "cntr_7ni" for hierarchy "lpm_counter0:inst|lpm_counter:LPM_COUNTER_component|cntr_7ni:auto_generated"
Warning (12125): Using design file /users/v4ngbz/documents/quartus/libraries/corelibrary/newlcd.bdf, which is not specified as a design file for the current project, but contains definitions for 1 design units and 1 entities in project
    Info (12023): Found entity 1: NewLCD
Info (12128): Elaborating entity "NewLCD" for hierarchy "NewLCD:inst3"
Warning (12125): Using design file /users/v4ngbz/documents/quartus/libraries/corelibrary/lcd_display.vhd, which is not specified as a design file for the current project, but contains definitions for 2 design units and 1 entities in project
    Info (12022): Found design unit 1: LCD_Display-a
    Info (12023): Found entity 1: LCD_Display
Info (12128): Elaborating entity "LCD_Display" for hierarchy "NewLCD:inst3|LCD_Display:inst"
Warning (12125): Using design file /users/v4ngbz/documents/quartus/libraries/corelibrary/lpm_rom0.vhd, which is not specified as a design file for the current project, but contains definitions for 2 design units and 1 entities in project
    Info (12022): Found design unit 1: lpm_rom0-SYN
    Info (12023): Found entity 1: lpm_rom0
Info (12128): Elaborating entity "lpm_rom0" for hierarchy "NewLCD:inst3|lpm_rom0:inst1"
Info (12128): Elaborating entity "altsyncram" for hierarchy "NewLCD:inst3|lpm_rom0:inst1|altsyncram:altsyncram_component"
Info (12130): Elaborated megafunction instantiation "NewLCD:inst3|lpm_rom0:inst1|altsyncram:altsyncram_component"
Info (12133): Instantiated megafunction "NewLCD:inst3|lpm_rom0:inst1|altsyncram:altsyncram_component" with the following parameter:
    Info (12134): Parameter "clock_enable_input_a" = "BYPASS"
    Info (12134): Parameter "clock_enable_output_a" = "BYPASS"
    Info (12134): Parameter "init_file" = "Rom.hex"
    Info (12134): Parameter "intended_device_family" = "Cyclone II"
    Info (12134): Parameter "lpm_hint" = "ENABLE_RUNTIME_MOD=NO"
    Info (12134): Parameter "lpm_type" = "altsyncram"
    Info (12134): Parameter "numwords_a" = "32"
    Info (12134): Parameter "operation_mode" = "ROM"
    Info (12134): Parameter "outdata_aclr_a" = "NONE"
    Info (12134): Parameter "outdata_reg_a" = "UNREGISTERED"
    Info (12134): Parameter "widthad_a" = "5"
    Info (12134): Parameter "width_a" = "8"
    Info (12134): Parameter "width_byteena_a" = "1"
Info (12021): Found 1 design units, including 1 entities, in source file db/altsyncram_7f71.tdf
    Info (12023): Found entity 1: altsyncram_7f71
Info (12128): Elaborating entity "altsyncram_7f71" for hierarchy "NewLCD:inst3|lpm_rom0:inst1|altsyncram:altsyncram_component|altsyncram_7f71:auto_generated"
Warning (113007): Byte addressed memory initialization file "Rom.hex" was read in the word-addressed format
Info (12128): Elaborating entity "LPM_FF" for hierarchy "LPM_FF:inst5"
Info (12130): Elaborated megafunction instantiation "LPM_FF:inst5"
Info (12133): Instantiated megafunction "LPM_FF:inst5" with the following parameter:
    Info (12134): Parameter "LPM_FFTYPE" = "DFF"
    Info (12134): Parameter "LPM_WIDTH" = "5"
Info (13000): Registers with preset signals will power-up high
Info (13003): DEV_CLRn pin will set, and not reset, register with preset signal due to NOT Gate Push-Back
Warning (13024): Output pins are stuck at VCC or GND
    Warning (13410): Pin "LCD_ONOFF" is stuck at VCC
    Warning (13410): Pin "LCD_BLONOFF" is stuck at VCC
Info (16010): Generating hard_block partition "hard_block:auto_generated_inst"
    Info (16011): Adding 0 node(s), including 0 DDIO, 0 PLL, 0 transceiver and 0 LCELL
Info (21057): Implemented 237 device resources after synthesis - the final resource count might be different
    Info (21058): Implemented 4 input pins
    Info (21059): Implemented 14 output pins
    Info (21060): Implemented 8 bidirectional pins
    Info (21061): Implemented 195 logic cells
    Info (21064): Implemented 16 RAM segments
Info: Quartus II 64-Bit Analysis & Synthesis was successful. 0 errors, 45 warnings
    Info: Peak virtual memory: 4665 megabytes
    Info: Processing ended: Fri May 20 12:08:14 2022
    Info: Elapsed time: 00:00:06
    Info: Total CPU time (on all processors): 00:00:03


